TpTrace Verbose: 0 : 24324, 1, 2024/08/20, 11:57:32.848, 16464711733065, vstest.console.dll, Version: 17.9.0-release-24072-02 Current process architecture: X64
TpTrace Verbose: 0 : 24324, 1, 2024/08/20, 11:57:32.850, 16464711754567, vstest.console.dll, Runtime location: C:\Program Files\dotnet\shared\Microsoft.NETCore.App\8.0.5
TpTrace Verbose: 0 : 24324, 1, 2024/08/20, 11:57:32.852, 16464711770799, vstest.console.dll, ArtifactProcessingPostProcessModeProcessorExecutor.Initialize: ArtifactProcessingMode.Collect
TpTrace Verbose: 0 : 24324, 1, 2024/08/20, 11:57:32.852, 16464711771621, vstest.console.dll, TestSessionCorrelationIdProcessorModeProcessorExecutor.Initialize: TestSessionCorrelationId '34236_b8f8324f-666c-4da5-b186-e889fc6367d6'
TpTrace Information: 0 : 24324, 1, 2024/08/20, 11:57:32.867, 16464711923239, vstest.console.dll, FilePatternParser: The given file C:\Users\a886676\source\repos\PhoneBookApp\PhoneBookAppUnitTest\bin\Debug\net8.0\fine-code-coverage\build-output\PhoneBookAppUnitTest.dll is a full path.
TpTrace Verbose: 0 : 24324, 1, 2024/08/20, 11:57:32.870, 16464711959212, vstest.console.dll, TestPluginCache.DiscoverTestExtensions: finding test extensions in assemblies ends with: RuntimeProvider.dll TPluginInfo: Microsoft.VisualStudio.TestPlatform.Common.ExtensionFramework.Utilities.TestRuntimePluginInformation TExtension: Microsoft.VisualStudio.TestPlatform.ObjectModel.Host.ITestRuntimeProvider
TpTrace Verbose: 0 : 24324, 1, 2024/08/20, 11:57:32.871, 16464711961509, vstest.console.dll, TestPluginCache.GetExtensionPaths: Filtered extension paths: 
TpTrace Verbose: 0 : 24324, 1, 2024/08/20, 11:57:32.871, 16464711962155, vstest.console.dll, TestPluginCache.GetExtensionPaths: Added default extension paths: C:\Program Files\dotnet\sdk\8.0.205\Extensions\Microsoft.Diagnostics.NETCore.Client.dll
C:\Program Files\dotnet\sdk\8.0.205\Extensions\Microsoft.TestPlatform.Extensions.BlameDataCollector.dll
C:\Program Files\dotnet\sdk\8.0.205\Extensions\Microsoft.TestPlatform.Extensions.EventLogCollector.dll
C:\Program Files\dotnet\sdk\8.0.205\Extensions\Microsoft.TestPlatform.TestHostRuntimeProvider.dll
C:\Program Files\dotnet\sdk\8.0.205\Extensions\Microsoft.VisualStudio.TestPlatform.Extensions.Html.TestLogger.dll
C:\Program Files\dotnet\sdk\8.0.205\Extensions\Microsoft.VisualStudio.TestPlatform.Extensions.Trx.TestLogger.dll
TpTrace Verbose: 0 : 24324, 1, 2024/08/20, 11:57:32.871, 16464711962498, vstest.console.dll, TestPluginCache.GetExtensionPaths: Added unfilterableExtensionPaths: 
TpTrace Information: 0 : 24324, 1, 2024/08/20, 11:57:32.871, 16464711966323, vstest.console.dll, AssemblyResolver.ctor: Creating AssemblyResolver with searchDirectories C:\Program Files\dotnet\sdk\8.0.205\Extensions,C:\Program Files\dotnet\sdk\8.0.205
TpTrace Verbose: 0 : 24324, 1, 2024/08/20, 11:57:32.872, 16464711976307, vstest.console.dll, TestPluginCache.DiscoverTestExtensions: Discovering the extensions using extension path.
TpTrace Verbose: 0 : 24324, 1, 2024/08/20, 11:57:32.872, 16464711977204, vstest.console.dll, TestPluginCache.GetExtensionPaths: Filtered extension paths: 
TpTrace Verbose: 0 : 24324, 1, 2024/08/20, 11:57:32.872, 16464711977520, vstest.console.dll, TestPluginCache.GetExtensionPaths: Added default extension paths: C:\Program Files\dotnet\sdk\8.0.205\Extensions\Microsoft.Diagnostics.NETCore.Client.dll
C:\Program Files\dotnet\sdk\8.0.205\Extensions\Microsoft.TestPlatform.Extensions.BlameDataCollector.dll
C:\Program Files\dotnet\sdk\8.0.205\Extensions\Microsoft.TestPlatform.Extensions.EventLogCollector.dll
C:\Program Files\dotnet\sdk\8.0.205\Extensions\Microsoft.TestPlatform.TestHostRuntimeProvider.dll
C:\Program Files\dotnet\sdk\8.0.205\Extensions\Microsoft.VisualStudio.TestPlatform.Extensions.Html.TestLogger.dll
C:\Program Files\dotnet\sdk\8.0.205\Extensions\Microsoft.VisualStudio.TestPlatform.Extensions.Trx.TestLogger.dll
TpTrace Verbose: 0 : 24324, 1, 2024/08/20, 11:57:32.872, 16464711977814, vstest.console.dll, TestPluginCache.GetExtensionPaths: Added unfilterableExtensionPaths: 
TpTrace Verbose: 0 : 24324, 1, 2024/08/20, 11:57:32.872, 16464711978265, vstest.console.dll, TestPluginCache.DiscoverTestExtensions: Discovering the extensions using allExtensionPaths: C:\Program Files\dotnet\sdk\8.0.205\Extensions\Microsoft.Diagnostics.NETCore.Client.dll
C:\Program Files\dotnet\sdk\8.0.205\Extensions\Microsoft.TestPlatform.Extensions.BlameDataCollector.dll
C:\Program Files\dotnet\sdk\8.0.205\Extensions\Microsoft.TestPlatform.Extensions.EventLogCollector.dll
C:\Program Files\dotnet\sdk\8.0.205\Extensions\Microsoft.TestPlatform.TestHostRuntimeProvider.dll
C:\Program Files\dotnet\sdk\8.0.205\Extensions\Microsoft.VisualStudio.TestPlatform.Extensions.Html.TestLogger.dll
C:\Program Files\dotnet\sdk\8.0.205\Extensions\Microsoft.VisualStudio.TestPlatform.Extensions.Trx.TestLogger.dll
TpTrace Information: 0 : 24324, 1, 2024/08/20, 11:57:32.872, 16464711979456, vstest.console.dll, AssemblyResolver.AddSearchDirectories: Adding more searchDirectories C:\Program Files\dotnet\sdk\8.0.205\Extensions,C:\Program Files\dotnet\sdk\8.0.205
TpTrace Information: 0 : 24324, 1, 2024/08/20, 11:57:32.872, 16464711979910, vstest.console.dll, AssemblyResolver.AddSearchDirectories: Adding more searchDirectories C:\Program Files\dotnet\sdk\8.0.205\Extensions,C:\Program Files\dotnet\sdk\8.0.205
TpTrace Information: 0 : 24324, 1, 2024/08/20, 11:57:32.872, 16464711980216, vstest.console.dll, AssemblyResolver.AddSearchDirectories: Adding more searchDirectories C:\Program Files\dotnet\sdk\8.0.205\Extensions,C:\Program Files\dotnet\sdk\8.0.205
TpTrace Information: 0 : 24324, 1, 2024/08/20, 11:57:32.872, 16464711980457, vstest.console.dll, AssemblyResolver.AddSearchDirectories: Adding more searchDirectories C:\Program Files\dotnet\sdk\8.0.205\Extensions,C:\Program Files\dotnet\sdk\8.0.205
TpTrace Information: 0 : 24324, 1, 2024/08/20, 11:57:32.873, 16464711980743, vstest.console.dll, AssemblyResolver.AddSearchDirectories: Adding more searchDirectories C:\Program Files\dotnet\sdk\8.0.205\Extensions,C:\Program Files\dotnet\sdk\8.0.205
TpTrace Information: 0 : 24324, 1, 2024/08/20, 11:57:32.873, 16464711980980, vstest.console.dll, AssemblyResolver.AddSearchDirectories: Adding more searchDirectories C:\Program Files\dotnet\sdk\8.0.205\Extensions,C:\Program Files\dotnet\sdk\8.0.205
TpTrace Information: 0 : 24324, 1, 2024/08/20, 11:57:32.873, 16464711984651, vstest.console.dll, AssemblyResolver.OnResolve: Microsoft.Diagnostics.NETCore.Client: Resolving assembly.
TpTrace Information: 0 : 24324, 1, 2024/08/20, 11:57:32.873, 16464711985270, vstest.console.dll, AssemblyResolver.OnResolve: Microsoft.Diagnostics.NETCore.Client: Searching in: 'C:\Program Files\dotnet\sdk\8.0.205\Extensions'.
TpTrace Information: 0 : 24324, 1, 2024/08/20, 11:57:32.879, 16464712045637, vstest.console.dll, AssemblyResolver.OnResolve: Microsoft.Diagnostics.NETCore.Client: Loading assembly 'C:\Program Files\dotnet\sdk\8.0.205\Extensions\Microsoft.Diagnostics.NETCore.Client.dll'.
TpTrace Information: 0 : 24324, 1, 2024/08/20, 11:57:32.880, 16464712052494, vstest.console.dll, AssemblyResolver.OnResolve: Resolved assembly: Microsoft.Diagnostics.NETCore.Client, from path: C:\Program Files\dotnet\sdk\8.0.205\Extensions\Microsoft.Diagnostics.NETCore.Client.dll
TpTrace Verbose: 0 : 24324, 1, 2024/08/20, 11:57:32.883, 16464712089519, vstest.console.dll, MetadataReaderExtensionsHelper: Discovering extensions inside assembly 'Microsoft.Diagnostics.NETCore.Client, Version=0.2.9.2401, Culture=neutral, PublicKeyToken=31bf3856ad364e35' file path 'C:\Program Files\dotnet\sdk\8.0.205\Extensions\Microsoft.Diagnostics.NETCore.Client.dll'
TpTrace Information: 0 : 24324, 1, 2024/08/20, 11:57:32.886, 16464712120452, vstest.console.dll, AssemblyResolver.OnResolve: Microsoft.Bcl.AsyncInterfaces: Resolving assembly.
TpTrace Information: 0 : 24324, 1, 2024/08/20, 11:57:32.887, 16464712121115, vstest.console.dll, AssemblyResolver.OnResolve: Microsoft.Bcl.AsyncInterfaces: Searching in: 'C:\Program Files\dotnet\sdk\8.0.205\Extensions'.
TpTrace Information: 0 : 24324, 1, 2024/08/20, 11:57:32.887, 16464712121703, vstest.console.dll, AssemblyResolver.OnResolve: Microsoft.Bcl.AsyncInterfaces: Assembly path does not exist: 'C:\Program Files\dotnet\sdk\8.0.205\Extensions\Microsoft.Bcl.AsyncInterfaces.dll', returning.
TpTrace Information: 0 : 24324, 1, 2024/08/20, 11:57:32.887, 16464712122502, vstest.console.dll, AssemblyResolver.OnResolve: Microsoft.Bcl.AsyncInterfaces: Assembly path does not exist: 'C:\Program Files\dotnet\sdk\8.0.205\Extensions\Microsoft.Bcl.AsyncInterfaces.exe', returning.
TpTrace Information: 0 : 24324, 1, 2024/08/20, 11:57:32.887, 16464712122781, vstest.console.dll, AssemblyResolver.OnResolve: Microsoft.Bcl.AsyncInterfaces: Searching in: 'C:\Program Files\dotnet\sdk\8.0.205'.
TpTrace Information: 0 : 24324, 1, 2024/08/20, 11:57:32.887, 16464712123282, vstest.console.dll, AssemblyResolver.OnResolve: Microsoft.Bcl.AsyncInterfaces: Assembly path does not exist: 'C:\Program Files\dotnet\sdk\8.0.205\Microsoft.Bcl.AsyncInterfaces.dll', returning.
TpTrace Information: 0 : 24324, 1, 2024/08/20, 11:57:32.887, 16464712123708, vstest.console.dll, AssemblyResolver.OnResolve: Microsoft.Bcl.AsyncInterfaces: Assembly path does not exist: 'C:\Program Files\dotnet\sdk\8.0.205\Microsoft.Bcl.AsyncInterfaces.exe', returning.
TpTrace Information: 0 : 24324, 1, 2024/08/20, 11:57:32.887, 16464712123951, vstest.console.dll, AssemblyResolver.OnResolve: Microsoft.Bcl.AsyncInterfaces: Failed to load assembly.
TpTrace Verbose: 0 : 24324, 1, 2024/08/20, 11:57:32.887, 16464712124216, vstest.console.dll, CurrentDomainAssemblyResolve: Resolving assembly 'Microsoft.Bcl.AsyncInterfaces'.
TpTrace Information: 0 : 24324, 1, 2024/08/20, 11:57:32.887, 16464712124699, vstest.console.dll, AssemblyResolver.OnResolve: Microsoft.Bcl.AsyncInterfaces: Resolving assembly.
TpTrace Information: 0 : 24324, 1, 2024/08/20, 11:57:32.887, 16464712124999, vstest.console.dll, AssemblyResolver.OnResolve: Microsoft.Bcl.AsyncInterfaces: Resolved from cache.
TpTrace Verbose: 0 : 24324, 1, 2024/08/20, 11:57:32.887, 16464712125228, vstest.console.dll, CurrentDomainAssemblyResolve: Resolving assembly 'Microsoft.Bcl.AsyncInterfaces'.
TpTrace Verbose: 0 : 24324, 1, 2024/08/20, 11:57:32.887, 16464712125489, vstest.console.dll, CurrentDomainAssemblyResolve: Failed to resolve assembly 'Microsoft.Bcl.AsyncInterfaces'.
TpTrace Verbose: 0 : 24324, 1, 2024/08/20, 11:57:32.888, 16464712133392, vstest.console.dll, CurrentDomainAssemblyResolve: Failed to resolve assembly 'Microsoft.Bcl.AsyncInterfaces'.
TpTrace Warning: 0 : 24324, 1, 2024/08/20, 11:57:32.897, 16464712224422, vstest.console.dll, TestPluginDiscoverer: Failed to get types from assembly 'Microsoft.Diagnostics.NETCore.Client, Version=0.2.9.2401, Culture=neutral, PublicKeyToken=31bf3856ad364e35'. Error: System.Reflection.ReflectionTypeLoadException: Unable to load one or more of the requested types.
Could not load file or assembly 'Microsoft.Bcl.AsyncInterfaces, Version=6.0.0.0, Culture=neutral, PublicKeyToken=cc7b13ffcd2ddd51'. The system cannot find the file specified.
   at System.Reflection.RuntimeModule.GetTypes(RuntimeModule module)
   at System.Reflection.RuntimeModule.GetTypes()
   at Microsoft.VisualStudio.TestPlatform.Common.ExtensionFramework.TestPluginDiscoverer.GetTestExtensionsFromAssembly[TPluginInfo,TExtension](Assembly assembly, Dictionary`2 pluginInfos, String filePath) in /_/src/Microsoft.TestPlatform.Common/ExtensionFramework/TestPluginDiscoverer.cs:line 158
System.IO.FileNotFoundException: Could not load file or assembly 'Microsoft.Bcl.AsyncInterfaces, Version=6.0.0.0, Culture=neutral, PublicKeyToken=cc7b13ffcd2ddd51'. The system cannot find the file specified.
File name: 'Microsoft.Bcl.AsyncInterfaces, Version=6.0.0.0, Culture=neutral, PublicKeyToken=cc7b13ffcd2ddd51'
 ---> System.IO.FileNotFoundException: Could not load file or assembly 'Microsoft.Bcl.AsyncInterfaces, Culture=neutral, PublicKeyToken=null'. The system cannot find the file specified.
File name: 'Microsoft.Bcl.AsyncInterfaces, Culture=neutral, PublicKeyToken=null'
   at System.Reflection.RuntimeAssembly.InternalLoad(AssemblyName assemblyName, StackCrawlMark& stackMark, AssemblyLoadContext assemblyLoadContext, RuntimeAssembly requestingAssembly, Boolean throwOnFileNotFound)
   at System.Reflection.Assembly.Load(AssemblyName assemblyRef)
   at Microsoft.VisualStudio.TestPlatform.Common.ExtensionFramework.TestPluginCache.CurrentDomainAssemblyResolve(Object sender, AssemblyResolveEventArgs args) in /_/src/Microsoft.TestPlatform.Common/ExtensionFramework/TestPluginCache.cs:line 513
   at System.Runtime.Loader.AssemblyLoadContext.GetFirstResolvedAssemblyFromResolvingEvent(AssemblyName assemblyName)
   at System.Runtime.Loader.AssemblyLoadContext.ResolveUsingEvent(AssemblyName assemblyName)
   at System.Runtime.Loader.AssemblyLoadContext.ResolveUsingResolvingEvent(IntPtr gchManagedAssemblyLoadContext, AssemblyName assemblyName)
TpTrace Warning: 0 : 24324, 1, 2024/08/20, 11:57:32.897, 16464712227214, vstest.console.dll, LoaderExceptions: System.IO.FileNotFoundException: Could not load file or assembly 'Microsoft.Bcl.AsyncInterfaces, Version=6.0.0.0, Culture=neutral, PublicKeyToken=cc7b13ffcd2ddd51'. The system cannot find the file specified.
File name: 'Microsoft.Bcl.AsyncInterfaces, Version=6.0.0.0, Culture=neutral, PublicKeyToken=cc7b13ffcd2ddd51'
 ---> System.IO.FileNotFoundException: Could not load file or assembly 'Microsoft.Bcl.AsyncInterfaces, Culture=neutral, PublicKeyToken=null'. The system cannot find the file specified.
File name: 'Microsoft.Bcl.AsyncInterfaces, Culture=neutral, PublicKeyToken=null'
   at System.Reflection.RuntimeAssembly.InternalLoad(AssemblyName assemblyName, StackCrawlMark& stackMark, AssemblyLoadContext assemblyLoadContext, RuntimeAssembly requestingAssembly, Boolean throwOnFileNotFound)
   at System.Reflection.Assembly.Load(AssemblyName assemblyRef)
   at Microsoft.VisualStudio.TestPlatform.Common.ExtensionFramework.TestPluginCache.CurrentDomainAssemblyResolve(Object sender, AssemblyResolveEventArgs args) in /_/src/Microsoft.TestPlatform.Common/ExtensionFramework/TestPluginCache.cs:line 513
   at System.Runtime.Loader.AssemblyLoadContext.GetFirstResolvedAssemblyFromResolvingEvent(AssemblyName assemblyName)
   at System.Runtime.Loader.AssemblyLoadContext.ResolveUsingEvent(AssemblyName assemblyName)
   at System.Runtime.Loader.AssemblyLoadContext.ResolveUsingResolvingEvent(IntPtr gchManagedAssemblyLoadContext, AssemblyName assemblyName)
TpTrace Information: 0 : 24324, 1, 2024/08/20, 11:57:32.897, 16464712228375, vstest.console.dll, AssemblyResolver.OnResolve: Microsoft.TestPlatform.Extensions.BlameDataCollector: Resolving assembly.
TpTrace Information: 0 : 24324, 1, 2024/08/20, 11:57:32.897, 16464712228725, vstest.console.dll, AssemblyResolver.OnResolve: Microsoft.TestPlatform.Extensions.BlameDataCollector: Searching in: 'C:\Program Files\dotnet\sdk\8.0.205\Extensions'.
TpTrace Information: 0 : 24324, 1, 2024/08/20, 11:57:32.898, 16464712236149, vstest.console.dll, AssemblyResolver.OnResolve: Microsoft.TestPlatform.Extensions.BlameDataCollector: Loading assembly 'C:\Program Files\dotnet\sdk\8.0.205\Extensions\Microsoft.TestPlatform.Extensions.BlameDataCollector.dll'.
TpTrace Information: 0 : 24324, 1, 2024/08/20, 11:57:32.899, 16464712242056, vstest.console.dll, AssemblyResolver.OnResolve: Resolved assembly: Microsoft.TestPlatform.Extensions.BlameDataCollector, from path: C:\Program Files\dotnet\sdk\8.0.205\Extensions\Microsoft.TestPlatform.Extensions.BlameDataCollector.dll
TpTrace Verbose: 0 : 24324, 1, 2024/08/20, 11:57:32.899, 16464712242848, vstest.console.dll, MetadataReaderExtensionsHelper: Discovering extensions inside assembly 'Microsoft.TestPlatform.Extensions.BlameDataCollector, Version=15.0.0.0, Culture=neutral, PublicKeyToken=b03f5f7f11d50a3a' file path 'C:\Program Files\dotnet\sdk\8.0.205\Extensions\Microsoft.TestPlatform.Extensions.BlameDataCollector.dll'
TpTrace Information: 0 : 24324, 1, 2024/08/20, 11:57:32.900, 16464712255748, vstest.console.dll, AssemblyResolver.OnResolve: Microsoft.TestPlatform.Extensions.EventLogCollector: Resolving assembly.
TpTrace Information: 0 : 24324, 1, 2024/08/20, 11:57:32.900, 16464712256276, vstest.console.dll, AssemblyResolver.OnResolve: Microsoft.TestPlatform.Extensions.EventLogCollector: Searching in: 'C:\Program Files\dotnet\sdk\8.0.205\Extensions'.
TpTrace Information: 0 : 24324, 1, 2024/08/20, 11:57:32.901, 16464712262266, vstest.console.dll, AssemblyResolver.OnResolve: Microsoft.TestPlatform.Extensions.EventLogCollector: Loading assembly 'C:\Program Files\dotnet\sdk\8.0.205\Extensions\Microsoft.TestPlatform.Extensions.EventLogCollector.dll'.
TpTrace Information: 0 : 24324, 1, 2024/08/20, 11:57:32.901, 16464712267839, vstest.console.dll, AssemblyResolver.OnResolve: Resolved assembly: Microsoft.TestPlatform.Extensions.EventLogCollector, from path: C:\Program Files\dotnet\sdk\8.0.205\Extensions\Microsoft.TestPlatform.Extensions.EventLogCollector.dll
TpTrace Verbose: 0 : 24324, 1, 2024/08/20, 11:57:32.901, 16464712268425, vstest.console.dll, MetadataReaderExtensionsHelper: Discovering extensions inside assembly 'Microsoft.TestPlatform.Extensions.EventLogCollector, Version=15.0.0.0, Culture=neutral, PublicKeyToken=b03f5f7f11d50a3a' file path 'C:\Program Files\dotnet\sdk\8.0.205\Extensions\Microsoft.TestPlatform.Extensions.EventLogCollector.dll'
TpTrace Information: 0 : 24324, 1, 2024/08/20, 11:57:32.903, 16464712289995, vstest.console.dll, AssemblyResolver.OnResolve: Microsoft.TestPlatform.TestHostRuntimeProvider: Resolving assembly.
TpTrace Information: 0 : 24324, 1, 2024/08/20, 11:57:32.904, 16464712290784, vstest.console.dll, AssemblyResolver.OnResolve: Microsoft.TestPlatform.TestHostRuntimeProvider: Searching in: 'C:\Program Files\dotnet\sdk\8.0.205\Extensions'.
TpTrace Information: 0 : 24324, 1, 2024/08/20, 11:57:32.904, 16464712294729, vstest.console.dll, AssemblyResolver.OnResolve: Microsoft.TestPlatform.TestHostRuntimeProvider: Loading assembly 'C:\Program Files\dotnet\sdk\8.0.205\Extensions\Microsoft.TestPlatform.TestHostRuntimeProvider.dll'.
TpTrace Information: 0 : 24324, 1, 2024/08/20, 11:57:32.904, 16464712298690, vstest.console.dll, AssemblyResolver.OnResolve: Resolved assembly: Microsoft.TestPlatform.TestHostRuntimeProvider, from path: C:\Program Files\dotnet\sdk\8.0.205\Extensions\Microsoft.TestPlatform.TestHostRuntimeProvider.dll
TpTrace Verbose: 0 : 24324, 1, 2024/08/20, 11:57:32.904, 16464712299240, vstest.console.dll, MetadataReaderExtensionsHelper: Discovering extensions inside assembly 'Microsoft.TestPlatform.TestHostRuntimeProvider, Version=15.0.0.0, Culture=neutral, PublicKeyToken=b03f5f7f11d50a3a' file path 'C:\Program Files\dotnet\sdk\8.0.205\Extensions\Microsoft.TestPlatform.TestHostRuntimeProvider.dll'
TpTrace Information: 0 : 24324, 1, 2024/08/20, 11:57:32.905, 16464712310230, vstest.console.dll, GetTestExtensionFromType: Register extension with identifier data 'HostProvider://DefaultTestHost' and type 'Microsoft.VisualStudio.TestPlatform.CrossPlatEngine.Hosting.DefaultTestHostManager, Microsoft.TestPlatform.TestHostRuntimeProvider, Version=15.0.0.0, Culture=neutral, PublicKeyToken=b03f5f7f11d50a3a' inside file 'C:\Program Files\dotnet\sdk\8.0.205\Extensions\Microsoft.TestPlatform.TestHostRuntimeProvider.dll'
TpTrace Information: 0 : 24324, 1, 2024/08/20, 11:57:32.906, 16464712312054, vstest.console.dll, GetTestExtensionFromType: Register extension with identifier data 'HostProvider://DotnetTestHost' and type 'Microsoft.VisualStudio.TestPlatform.CrossPlatEngine.Hosting.DotnetTestHostManager, Microsoft.TestPlatform.TestHostRuntimeProvider, Version=15.0.0.0, Culture=neutral, PublicKeyToken=b03f5f7f11d50a3a' inside file 'C:\Program Files\dotnet\sdk\8.0.205\Extensions\Microsoft.TestPlatform.TestHostRuntimeProvider.dll'
TpTrace Information: 0 : 24324, 1, 2024/08/20, 11:57:32.906, 16464712312673, vstest.console.dll, AssemblyResolver.OnResolve: Microsoft.VisualStudio.TestPlatform.Extensions.Html.TestLogger: Resolving assembly.
TpTrace Information: 0 : 24324, 1, 2024/08/20, 11:57:32.906, 16464712313037, vstest.console.dll, AssemblyResolver.OnResolve: Microsoft.VisualStudio.TestPlatform.Extensions.Html.TestLogger: Searching in: 'C:\Program Files\dotnet\sdk\8.0.205\Extensions'.
TpTrace Information: 0 : 24324, 1, 2024/08/20, 11:57:32.906, 16464712317615, vstest.console.dll, AssemblyResolver.OnResolve: Microsoft.VisualStudio.TestPlatform.Extensions.Html.TestLogger: Loading assembly 'C:\Program Files\dotnet\sdk\8.0.205\Extensions\Microsoft.VisualStudio.TestPlatform.Extensions.Html.TestLogger.dll'.
TpTrace Information: 0 : 24324, 1, 2024/08/20, 11:57:32.907, 16464712321537, vstest.console.dll, AssemblyResolver.OnResolve: Resolved assembly: Microsoft.VisualStudio.TestPlatform.Extensions.Html.TestLogger, from path: C:\Program Files\dotnet\sdk\8.0.205\Extensions\Microsoft.VisualStudio.TestPlatform.Extensions.Html.TestLogger.dll
TpTrace Verbose: 0 : 24324, 1, 2024/08/20, 11:57:32.907, 16464712322052, vstest.console.dll, MetadataReaderExtensionsHelper: Discovering extensions inside assembly 'Microsoft.VisualStudio.TestPlatform.Extensions.Html.TestLogger, Version=15.0.0.0, Culture=neutral, PublicKeyToken=b03f5f7f11d50a3a' file path 'C:\Program Files\dotnet\sdk\8.0.205\Extensions\Microsoft.VisualStudio.TestPlatform.Extensions.Html.TestLogger.dll'
TpTrace Information: 0 : 24324, 1, 2024/08/20, 11:57:32.907, 16464712328279, vstest.console.dll, AssemblyResolver.OnResolve: Microsoft.VisualStudio.TestPlatform.Extensions.Trx.TestLogger: Resolving assembly.
TpTrace Information: 0 : 24324, 1, 2024/08/20, 11:57:32.907, 16464712328755, vstest.console.dll, AssemblyResolver.OnResolve: Microsoft.VisualStudio.TestPlatform.Extensions.Trx.TestLogger: Searching in: 'C:\Program Files\dotnet\sdk\8.0.205\Extensions'.
TpTrace Information: 0 : 24324, 1, 2024/08/20, 11:57:32.908, 16464712333491, vstest.console.dll, AssemblyResolver.OnResolve: Microsoft.VisualStudio.TestPlatform.Extensions.Trx.TestLogger: Loading assembly 'C:\Program Files\dotnet\sdk\8.0.205\Extensions\Microsoft.VisualStudio.TestPlatform.Extensions.Trx.TestLogger.dll'.
TpTrace Information: 0 : 24324, 1, 2024/08/20, 11:57:32.908, 16464712338003, vstest.console.dll, AssemblyResolver.OnResolve: Resolved assembly: Microsoft.VisualStudio.TestPlatform.Extensions.Trx.TestLogger, from path: C:\Program Files\dotnet\sdk\8.0.205\Extensions\Microsoft.VisualStudio.TestPlatform.Extensions.Trx.TestLogger.dll
TpTrace Verbose: 0 : 24324, 1, 2024/08/20, 11:57:32.908, 16464712338544, vstest.console.dll, MetadataReaderExtensionsHelper: Discovering extensions inside assembly 'Microsoft.VisualStudio.TestPlatform.Extensions.Trx.TestLogger, Version=15.0.0.0, Culture=neutral, PublicKeyToken=b03f5f7f11d50a3a' file path 'C:\Program Files\dotnet\sdk\8.0.205\Extensions\Microsoft.VisualStudio.TestPlatform.Extensions.Trx.TestLogger.dll'
TpTrace Verbose: 0 : 24324, 1, 2024/08/20, 11:57:32.909, 16464712346488, vstest.console.dll, TestPluginCache: Discovered the extensions using extension path ''.
TpTrace Verbose: 0 : 24324, 1, 2024/08/20, 11:57:32.909, 16464712347004, vstest.console.dll, TestPluginCache: Discoverers are ''.
TpTrace Verbose: 0 : 24324, 1, 2024/08/20, 11:57:32.909, 16464712347293, vstest.console.dll, TestPluginCache: Executors are ''.
TpTrace Verbose: 0 : 24324, 1, 2024/08/20, 11:57:32.909, 16464712347505, vstest.console.dll, TestPluginCache: Executors2 are ''.
TpTrace Verbose: 0 : 24324, 1, 2024/08/20, 11:57:32.909, 16464712347702, vstest.console.dll, TestPluginCache: Setting providers are ''.
TpTrace Verbose: 0 : 24324, 1, 2024/08/20, 11:57:32.909, 16464712347899, vstest.console.dll, TestPluginCache: Loggers are ''.
TpTrace Verbose: 0 : 24324, 1, 2024/08/20, 11:57:32.909, 16464712348620, vstest.console.dll, TestPluginCache: TestHosts are 'HostProvider://DefaultTestHost,HostProvider://DotnetTestHost'.
TpTrace Verbose: 0 : 24324, 1, 2024/08/20, 11:57:32.909, 16464712348934, vstest.console.dll, TestPluginCache: DataCollectors are ''.
TpTrace Information: 0 : 24324, 1, 2024/08/20, 11:57:32.919, 16464712448873, vstest.console.dll, RunTestsArgumentProcessor:Execute: Test run is starting.
TpTrace Verbose: 0 : 24324, 1, 2024/08/20, 11:57:32.919, 16464712449696, vstest.console.dll, RunTestsArgumentProcessor:Execute: Queuing Test run.
TpTrace Information: 0 : 24324, 1, 2024/08/20, 11:57:32.920, 16464712451709, vstest.console.dll, TestRequestManager.RunTests: run tests started.
TpTrace Information: 0 : 24324, 1, 2024/08/20, 11:57:32.921, 16464712461418, vstest.console.dll, AssemblyMetadataProvider.GetFrameworkName: Determined framework:'.NETCoreApp,Version=v8.0' for source: 'C:\Users\a886676\source\repos\PhoneBookApp\PhoneBookAppUnitTest\bin\Debug\net8.0\fine-code-coverage\build-output\PhoneBookAppUnitTest.dll'
TpTrace Information: 0 : 24324, 1, 2024/08/20, 11:57:32.921, 16464712462981, vstest.console.dll, Determined framework for all sources: .NETCoreApp,Version=v8.0
TpTrace Verbose: 0 : 24324, 1, 2024/08/20, 11:57:32.921, 16464712466011, vstest.console.dll, TestRequestManager.UpdateRunSettingsIfRequired: Default architecture: X64 IsDefaultTargetArchitecture: True, Current process architecture: X64 OperatingSystem: Windows.
TpTrace Information: 0 : 24324, 1, 2024/08/20, 11:57:32.922, 16464712478742, vstest.console.dll, AssemblyMetadataProvider.GetArchitecture: Determined architecture:AnyCPU info for assembly: C:\Users\a886676\source\repos\PhoneBookApp\PhoneBookAppUnitTest\bin\Debug\net8.0\fine-code-coverage\build-output\PhoneBookAppUnitTest.dll
TpTrace Information: 0 : 24324, 1, 2024/08/20, 11:57:32.922, 16464712479208, vstest.console.dll, Determined platform for source 'C:\Users\a886676\source\repos\PhoneBookApp\PhoneBookAppUnitTest\bin\Debug\net8.0\fine-code-coverage\build-output\PhoneBookAppUnitTest.dll' was AnyCPU and it will use the default plaform X64.
TpTrace Information: 0 : 24324, 1, 2024/08/20, 11:57:32.922, 16464712479448, vstest.console.dll, None of the sources provided any runnable platform, using the default platform: X64
TpTrace Information: 0 : 24324, 1, 2024/08/20, 11:57:32.922, 16464712480096, vstest.console.dll, Platform was updated to 'X64'.
TpTrace Information: 0 : 24324, 1, 2024/08/20, 11:57:32.925, 16464712504339, vstest.console.dll, InferRunSettingsHelper.IsTestSettingsEnabled: Unable to navigate to RunSettings/MSTest. Current node: RunSettings
TpTrace Information: 0 : 24324, 1, 2024/08/20, 11:57:32.925, 16464712508933, vstest.console.dll, AssemblyResolver.OnResolve: Microsoft.VisualStudio.TestPlatform.Fakes: Resolving assembly.
TpTrace Information: 0 : 24324, 1, 2024/08/20, 11:57:32.925, 16464712509399, vstest.console.dll, AssemblyResolver.OnResolve: Microsoft.VisualStudio.TestPlatform.Fakes: Searching in: 'C:\Program Files\dotnet\sdk\8.0.205\Extensions'.
TpTrace Information: 0 : 24324, 1, 2024/08/20, 11:57:32.925, 16464712510085, vstest.console.dll, AssemblyResolver.OnResolve: Microsoft.VisualStudio.TestPlatform.Fakes: Assembly path does not exist: 'C:\Program Files\dotnet\sdk\8.0.205\Extensions\Microsoft.VisualStudio.TestPlatform.Fakes.dll', returning.
TpTrace Information: 0 : 24324, 1, 2024/08/20, 11:57:32.925, 16464712510569, vstest.console.dll, AssemblyResolver.OnResolve: Microsoft.VisualStudio.TestPlatform.Fakes: Assembly path does not exist: 'C:\Program Files\dotnet\sdk\8.0.205\Extensions\Microsoft.VisualStudio.TestPlatform.Fakes.exe', returning.
TpTrace Information: 0 : 24324, 1, 2024/08/20, 11:57:32.926, 16464712510874, vstest.console.dll, AssemblyResolver.OnResolve: Microsoft.VisualStudio.TestPlatform.Fakes: Searching in: 'C:\Program Files\dotnet\sdk\8.0.205'.
TpTrace Information: 0 : 24324, 1, 2024/08/20, 11:57:32.926, 16464712511335, vstest.console.dll, AssemblyResolver.OnResolve: Microsoft.VisualStudio.TestPlatform.Fakes: Assembly path does not exist: 'C:\Program Files\dotnet\sdk\8.0.205\Microsoft.VisualStudio.TestPlatform.Fakes.dll', returning.
TpTrace Information: 0 : 24324, 1, 2024/08/20, 11:57:32.926, 16464712511757, vstest.console.dll, AssemblyResolver.OnResolve: Microsoft.VisualStudio.TestPlatform.Fakes: Assembly path does not exist: 'C:\Program Files\dotnet\sdk\8.0.205\Microsoft.VisualStudio.TestPlatform.Fakes.exe', returning.
TpTrace Information: 0 : 24324, 1, 2024/08/20, 11:57:32.926, 16464712512042, vstest.console.dll, AssemblyResolver.OnResolve: Microsoft.VisualStudio.TestPlatform.Fakes: Failed to load assembly.
TpTrace Information: 0 : 24324, 1, 2024/08/20, 11:57:32.926, 16464712514228, vstest.console.dll, Failed to load assembly Microsoft.VisualStudio.TestPlatform.Fakes, Version=17.0.0.0, Culture=neutral. Reason:System.IO.FileNotFoundException: Could not load file or assembly 'Microsoft.VisualStudio.TestPlatform.Fakes, Version=17.0.0.0, Culture=neutral, PublicKeyToken=null'. The system cannot find the file specified.
File name: 'Microsoft.VisualStudio.TestPlatform.Fakes, Version=17.0.0.0, Culture=neutral, PublicKeyToken=null'
   at System.Reflection.RuntimeAssembly.InternalLoad(AssemblyName assemblyName, StackCrawlMark& stackMark, AssemblyLoadContext assemblyLoadContext, RuntimeAssembly requestingAssembly, Boolean throwOnFileNotFound)
   at System.Reflection.Assembly.Load(AssemblyName assemblyRef)
   at Microsoft.VisualStudio.TestPlatform.Common.Utilities.FakesUtilities.LoadTestPlatformAssembly() in /_/src/Microsoft.TestPlatform.Common/Utilities/FakesUtilities.cs:line 272
TpTrace Verbose: 0 : 24324, 1, 2024/08/20, 11:57:32.928, 16464712538373, vstest.console.dll, TestPluginCache.DiscoverTestExtensions: finding test extensions in assemblies ends with: TestLogger.dll TPluginInfo: Microsoft.VisualStudio.TestPlatform.Common.ExtensionFramework.Utilities.TestLoggerPluginInformation TExtension: Microsoft.VisualStudio.TestPlatform.ObjectModel.Client.ITestLogger
TpTrace Verbose: 0 : 24324, 1, 2024/08/20, 11:57:32.928, 16464712539158, vstest.console.dll, TestPluginCache.GetExtensionPaths: Filtered extension paths: 
TpTrace Verbose: 0 : 24324, 1, 2024/08/20, 11:57:32.928, 16464712539449, vstest.console.dll, TestPluginCache.GetExtensionPaths: Added default extension paths: C:\Program Files\dotnet\sdk\8.0.205\Extensions\Microsoft.Diagnostics.NETCore.Client.dll
C:\Program Files\dotnet\sdk\8.0.205\Extensions\Microsoft.TestPlatform.Extensions.BlameDataCollector.dll
C:\Program Files\dotnet\sdk\8.0.205\Extensions\Microsoft.TestPlatform.Extensions.EventLogCollector.dll
C:\Program Files\dotnet\sdk\8.0.205\Extensions\Microsoft.TestPlatform.TestHostRuntimeProvider.dll
C:\Program Files\dotnet\sdk\8.0.205\Extensions\Microsoft.VisualStudio.TestPlatform.Extensions.Html.TestLogger.dll
C:\Program Files\dotnet\sdk\8.0.205\Extensions\Microsoft.VisualStudio.TestPlatform.Extensions.Trx.TestLogger.dll
TpTrace Verbose: 0 : 24324, 1, 2024/08/20, 11:57:32.928, 16464712539686, vstest.console.dll, TestPluginCache.GetExtensionPaths: Added unfilterableExtensionPaths: 
TpTrace Information: 0 : 24324, 1, 2024/08/20, 11:57:32.929, 16464712540644, vstest.console.dll, AssemblyResolver.AddSearchDirectories: Adding more searchDirectories C:\Program Files\dotnet\sdk\8.0.205\Extensions,C:\Program Files\dotnet\sdk\8.0.205
TpTrace Verbose: 0 : 24324, 1, 2024/08/20, 11:57:32.929, 16464712540990, vstest.console.dll, TestPluginCache.DiscoverTestExtensions: Discovering the extensions using extension path.
TpTrace Verbose: 0 : 24324, 1, 2024/08/20, 11:57:32.929, 16464712541259, vstest.console.dll, TestPluginCache.GetExtensionPaths: Filtered extension paths: 
TpTrace Verbose: 0 : 24324, 1, 2024/08/20, 11:57:32.929, 16464712541524, vstest.console.dll, TestPluginCache.GetExtensionPaths: Added default extension paths: C:\Program Files\dotnet\sdk\8.0.205\Extensions\Microsoft.Diagnostics.NETCore.Client.dll
C:\Program Files\dotnet\sdk\8.0.205\Extensions\Microsoft.TestPlatform.Extensions.BlameDataCollector.dll
C:\Program Files\dotnet\sdk\8.0.205\Extensions\Microsoft.TestPlatform.Extensions.EventLogCollector.dll
C:\Program Files\dotnet\sdk\8.0.205\Extensions\Microsoft.TestPlatform.TestHostRuntimeProvider.dll
C:\Program Files\dotnet\sdk\8.0.205\Extensions\Microsoft.VisualStudio.TestPlatform.Extensions.Html.TestLogger.dll
C:\Program Files\dotnet\sdk\8.0.205\Extensions\Microsoft.VisualStudio.TestPlatform.Extensions.Trx.TestLogger.dll
TpTrace Verbose: 0 : 24324, 1, 2024/08/20, 11:57:32.929, 16464712541754, vstest.console.dll, TestPluginCache.GetExtensionPaths: Added unfilterableExtensionPaths: 
TpTrace Verbose: 0 : 24324, 1, 2024/08/20, 11:57:32.929, 16464712542026, vstest.console.dll, TestPluginCache.DiscoverTestExtensions: Discovering the extensions using allExtensionPaths: C:\Program Files\dotnet\sdk\8.0.205\Extensions\Microsoft.Diagnostics.NETCore.Client.dll
C:\Program Files\dotnet\sdk\8.0.205\Extensions\Microsoft.TestPlatform.Extensions.BlameDataCollector.dll
C:\Program Files\dotnet\sdk\8.0.205\Extensions\Microsoft.TestPlatform.Extensions.EventLogCollector.dll
C:\Program Files\dotnet\sdk\8.0.205\Extensions\Microsoft.TestPlatform.TestHostRuntimeProvider.dll
C:\Program Files\dotnet\sdk\8.0.205\Extensions\Microsoft.VisualStudio.TestPlatform.Extensions.Html.TestLogger.dll
C:\Program Files\dotnet\sdk\8.0.205\Extensions\Microsoft.VisualStudio.TestPlatform.Extensions.Trx.TestLogger.dll
TpTrace Information: 0 : 24324, 1, 2024/08/20, 11:57:32.929, 16464712542395, vstest.console.dll, AssemblyResolver.AddSearchDirectories: Adding more searchDirectories C:\Program Files\dotnet\sdk\8.0.205\Extensions,C:\Program Files\dotnet\sdk\8.0.205
TpTrace Information: 0 : 24324, 1, 2024/08/20, 11:57:32.929, 16464712542727, vstest.console.dll, AssemblyResolver.AddSearchDirectories: Adding more searchDirectories C:\Program Files\dotnet\sdk\8.0.205\Extensions,C:\Program Files\dotnet\sdk\8.0.205
TpTrace Information: 0 : 24324, 1, 2024/08/20, 11:57:32.929, 16464712542980, vstest.console.dll, AssemblyResolver.AddSearchDirectories: Adding more searchDirectories C:\Program Files\dotnet\sdk\8.0.205\Extensions,C:\Program Files\dotnet\sdk\8.0.205
TpTrace Information: 0 : 24324, 1, 2024/08/20, 11:57:32.929, 16464712543218, vstest.console.dll, AssemblyResolver.AddSearchDirectories: Adding more searchDirectories C:\Program Files\dotnet\sdk\8.0.205\Extensions,C:\Program Files\dotnet\sdk\8.0.205
TpTrace Information: 0 : 24324, 1, 2024/08/20, 11:57:32.929, 16464712543453, vstest.console.dll, AssemblyResolver.AddSearchDirectories: Adding more searchDirectories C:\Program Files\dotnet\sdk\8.0.205\Extensions,C:\Program Files\dotnet\sdk\8.0.205
TpTrace Information: 0 : 24324, 1, 2024/08/20, 11:57:32.929, 16464712543734, vstest.console.dll, AssemblyResolver.AddSearchDirectories: Adding more searchDirectories C:\Program Files\dotnet\sdk\8.0.205\Extensions,C:\Program Files\dotnet\sdk\8.0.205
TpTrace Verbose: 0 : 24324, 1, 2024/08/20, 11:57:32.929, 16464712544544, vstest.console.dll, MetadataReaderExtensionsHelper: Discovering extensions inside assembly 'Microsoft.Diagnostics.NETCore.Client, Version=0.2.9.2401, Culture=neutral, PublicKeyToken=31bf3856ad364e35' file path 'C:\Program Files\dotnet\sdk\8.0.205\Extensions\Microsoft.Diagnostics.NETCore.Client.dll'
TpTrace Information: 0 : 24324, 1, 2024/08/20, 11:57:32.929, 16464712550396, vstest.console.dll, AssemblyResolver.OnResolve: Microsoft.Bcl.AsyncInterfaces: Resolving assembly.
TpTrace Information: 0 : 24324, 1, 2024/08/20, 11:57:32.930, 16464712550804, vstest.console.dll, AssemblyResolver.OnResolve: Microsoft.Bcl.AsyncInterfaces: Resolved from cache.
TpTrace Verbose: 0 : 24324, 1, 2024/08/20, 11:57:32.930, 16464712551043, vstest.console.dll, CurrentDomainAssemblyResolve: Resolving assembly 'Microsoft.Bcl.AsyncInterfaces'.
TpTrace Information: 0 : 24324, 1, 2024/08/20, 11:57:32.930, 16464712551436, vstest.console.dll, AssemblyResolver.OnResolve: Microsoft.Bcl.AsyncInterfaces: Resolving assembly.
TpTrace Information: 0 : 24324, 1, 2024/08/20, 11:57:32.930, 16464712551675, vstest.console.dll, AssemblyResolver.OnResolve: Microsoft.Bcl.AsyncInterfaces: Resolved from cache.
TpTrace Verbose: 0 : 24324, 1, 2024/08/20, 11:57:32.930, 16464712551881, vstest.console.dll, CurrentDomainAssemblyResolve: Resolving assembly 'Microsoft.Bcl.AsyncInterfaces'.
TpTrace Verbose: 0 : 24324, 1, 2024/08/20, 11:57:32.930, 16464712552090, vstest.console.dll, CurrentDomainAssemblyResolve: Failed to resolve assembly 'Microsoft.Bcl.AsyncInterfaces'.
TpTrace Verbose: 0 : 24324, 1, 2024/08/20, 11:57:32.930, 16464712553254, vstest.console.dll, CurrentDomainAssemblyResolve: Failed to resolve assembly 'Microsoft.Bcl.AsyncInterfaces'.
TpTrace Warning: 0 : 24324, 1, 2024/08/20, 11:57:32.930, 16464712555848, vstest.console.dll, TestPluginDiscoverer: Failed to get types from assembly 'Microsoft.Diagnostics.NETCore.Client, Version=0.2.9.2401, Culture=neutral, PublicKeyToken=31bf3856ad364e35'. Error: System.Reflection.ReflectionTypeLoadException: Unable to load one or more of the requested types.
Could not load file or assembly 'Microsoft.Bcl.AsyncInterfaces, Version=6.0.0.0, Culture=neutral, PublicKeyToken=cc7b13ffcd2ddd51'. The system cannot find the file specified.
   at System.Reflection.RuntimeModule.GetTypes(RuntimeModule module)
   at System.Reflection.RuntimeModule.GetTypes()
   at Microsoft.VisualStudio.TestPlatform.Common.ExtensionFramework.TestPluginDiscoverer.GetTestExtensionsFromAssembly[TPluginInfo,TExtension](Assembly assembly, Dictionary`2 pluginInfos, String filePath) in /_/src/Microsoft.TestPlatform.Common/ExtensionFramework/TestPluginDiscoverer.cs:line 158
System.IO.FileNotFoundException: Could not load file or assembly 'Microsoft.Bcl.AsyncInterfaces, Version=6.0.0.0, Culture=neutral, PublicKeyToken=cc7b13ffcd2ddd51'. The system cannot find the file specified.
File name: 'Microsoft.Bcl.AsyncInterfaces, Version=6.0.0.0, Culture=neutral, PublicKeyToken=cc7b13ffcd2ddd51'
 ---> System.IO.FileNotFoundException: Could not load file or assembly 'Microsoft.Bcl.AsyncInterfaces, Culture=neutral, PublicKeyToken=null'. The system cannot find the file specified.
File name: 'Microsoft.Bcl.AsyncInterfaces, Culture=neutral, PublicKeyToken=null'
   at System.Reflection.RuntimeAssembly.InternalLoad(AssemblyName assemblyName, StackCrawlMark& stackMark, AssemblyLoadContext assemblyLoadContext, RuntimeAssembly requestingAssembly, Boolean throwOnFileNotFound)
   at System.Reflection.Assembly.Load(AssemblyName assemblyRef)
   at Microsoft.VisualStudio.TestPlatform.Common.ExtensionFramework.TestPluginCache.CurrentDomainAssemblyResolve(Object sender, AssemblyResolveEventArgs args) in /_/src/Microsoft.TestPlatform.Common/ExtensionFramework/TestPluginCache.cs:line 513
   at System.Runtime.Loader.AssemblyLoadContext.GetFirstResolvedAssemblyFromResolvingEvent(AssemblyName assemblyName)
   at System.Runtime.Loader.AssemblyLoadContext.ResolveUsingEvent(AssemblyName assemblyName)
   at System.Runtime.Loader.AssemblyLoadContext.ResolveUsingResolvingEvent(IntPtr gchManagedAssemblyLoadContext, AssemblyName assemblyName)
TpTrace Warning: 0 : 24324, 1, 2024/08/20, 11:57:32.930, 16464712557079, vstest.console.dll, LoaderExceptions: System.IO.FileNotFoundException: Could not load file or assembly 'Microsoft.Bcl.AsyncInterfaces, Version=6.0.0.0, Culture=neutral, PublicKeyToken=cc7b13ffcd2ddd51'. The system cannot find the file specified.
File name: 'Microsoft.Bcl.AsyncInterfaces, Version=6.0.0.0, Culture=neutral, PublicKeyToken=cc7b13ffcd2ddd51'
 ---> System.IO.FileNotFoundException: Could not load file or assembly 'Microsoft.Bcl.AsyncInterfaces, Culture=neutral, PublicKeyToken=null'. The system cannot find the file specified.
File name: 'Microsoft.Bcl.AsyncInterfaces, Culture=neutral, PublicKeyToken=null'
   at System.Reflection.RuntimeAssembly.InternalLoad(AssemblyName assemblyName, StackCrawlMark& stackMark, AssemblyLoadContext assemblyLoadContext, RuntimeAssembly requestingAssembly, Boolean throwOnFileNotFound)
   at System.Reflection.Assembly.Load(AssemblyName assemblyRef)
   at Microsoft.VisualStudio.TestPlatform.Common.ExtensionFramework.TestPluginCache.CurrentDomainAssemblyResolve(Object sender, AssemblyResolveEventArgs args) in /_/src/Microsoft.TestPlatform.Common/ExtensionFramework/TestPluginCache.cs:line 513
   at System.Runtime.Loader.AssemblyLoadContext.GetFirstResolvedAssemblyFromResolvingEvent(AssemblyName assemblyName)
   at System.Runtime.Loader.AssemblyLoadContext.ResolveUsingEvent(AssemblyName assemblyName)
   at System.Runtime.Loader.AssemblyLoadContext.ResolveUsingResolvingEvent(IntPtr gchManagedAssemblyLoadContext, AssemblyName assemblyName)
TpTrace Verbose: 0 : 24324, 1, 2024/08/20, 11:57:32.930, 16464712557770, vstest.console.dll, MetadataReaderExtensionsHelper: Discovering extensions inside assembly 'Microsoft.TestPlatform.Extensions.BlameDataCollector, Version=15.0.0.0, Culture=neutral, PublicKeyToken=b03f5f7f11d50a3a' file path 'C:\Program Files\dotnet\sdk\8.0.205\Extensions\Microsoft.TestPlatform.Extensions.BlameDataCollector.dll'
TpTrace Information: 0 : 24324, 1, 2024/08/20, 11:57:32.931, 16464712561026, vstest.console.dll, GetTestExtensionFromType: Register extension with identifier data 'logger://Microsoft/TestPlatform/Extensions/Blame/v1' and type 'Microsoft.TestPlatform.Extensions.BlameDataCollector.BlameLogger, Microsoft.TestPlatform.Extensions.BlameDataCollector, Version=15.0.0.0, Culture=neutral, PublicKeyToken=b03f5f7f11d50a3a' inside file 'C:\Program Files\dotnet\sdk\8.0.205\Extensions\Microsoft.TestPlatform.Extensions.BlameDataCollector.dll'
TpTrace Verbose: 0 : 24324, 1, 2024/08/20, 11:57:32.931, 16464712561477, vstest.console.dll, MetadataReaderExtensionsHelper: Discovering extensions inside assembly 'Microsoft.TestPlatform.Extensions.EventLogCollector, Version=15.0.0.0, Culture=neutral, PublicKeyToken=b03f5f7f11d50a3a' file path 'C:\Program Files\dotnet\sdk\8.0.205\Extensions\Microsoft.TestPlatform.Extensions.EventLogCollector.dll'
TpTrace Verbose: 0 : 24324, 1, 2024/08/20, 11:57:32.931, 16464712563473, vstest.console.dll, MetadataReaderExtensionsHelper: Discovering extensions inside assembly 'Microsoft.TestPlatform.TestHostRuntimeProvider, Version=15.0.0.0, Culture=neutral, PublicKeyToken=b03f5f7f11d50a3a' file path 'C:\Program Files\dotnet\sdk\8.0.205\Extensions\Microsoft.TestPlatform.TestHostRuntimeProvider.dll'
TpTrace Verbose: 0 : 24324, 1, 2024/08/20, 11:57:32.931, 16464712565545, vstest.console.dll, MetadataReaderExtensionsHelper: Discovering extensions inside assembly 'Microsoft.VisualStudio.TestPlatform.Extensions.Html.TestLogger, Version=15.0.0.0, Culture=neutral, PublicKeyToken=b03f5f7f11d50a3a' file path 'C:\Program Files\dotnet\sdk\8.0.205\Extensions\Microsoft.VisualStudio.TestPlatform.Extensions.Html.TestLogger.dll'
TpTrace Information: 0 : 24324, 1, 2024/08/20, 11:57:32.931, 16464712569346, vstest.console.dll, GetTestExtensionFromType: Register extension with identifier data 'logger://Microsoft/TestPlatform/HtmlLogger/v1' and type 'Microsoft.VisualStudio.TestPlatform.Extensions.HtmlLogger.HtmlLogger, Microsoft.VisualStudio.TestPlatform.Extensions.Html.TestLogger, Version=15.0.0.0, Culture=neutral, PublicKeyToken=b03f5f7f11d50a3a' inside file 'C:\Program Files\dotnet\sdk\8.0.205\Extensions\Microsoft.VisualStudio.TestPlatform.Extensions.Html.TestLogger.dll'
TpTrace Verbose: 0 : 24324, 1, 2024/08/20, 11:57:32.931, 16464712569810, vstest.console.dll, MetadataReaderExtensionsHelper: Discovering extensions inside assembly 'Microsoft.VisualStudio.TestPlatform.Extensions.Trx.TestLogger, Version=15.0.0.0, Culture=neutral, PublicKeyToken=b03f5f7f11d50a3a' file path 'C:\Program Files\dotnet\sdk\8.0.205\Extensions\Microsoft.VisualStudio.TestPlatform.Extensions.Trx.TestLogger.dll'
TpTrace Information: 0 : 24324, 1, 2024/08/20, 11:57:32.932, 16464712572435, vstest.console.dll, GetTestExtensionFromType: Register extension with identifier data 'logger://Microsoft/TestPlatform/TrxLogger/v1' and type 'Microsoft.VisualStudio.TestPlatform.Extensions.TrxLogger.TrxLogger, Microsoft.VisualStudio.TestPlatform.Extensions.Trx.TestLogger, Version=15.0.0.0, Culture=neutral, PublicKeyToken=b03f5f7f11d50a3a' inside file 'C:\Program Files\dotnet\sdk\8.0.205\Extensions\Microsoft.VisualStudio.TestPlatform.Extensions.Trx.TestLogger.dll'
TpTrace Verbose: 0 : 24324, 1, 2024/08/20, 11:57:32.932, 16464712572940, vstest.console.dll, TestPluginCache: Discovered the extensions using extension path ''.
TpTrace Verbose: 0 : 24324, 1, 2024/08/20, 11:57:32.932, 16464712573241, vstest.console.dll, TestPluginCache: Discoverers are ''.
TpTrace Verbose: 0 : 24324, 1, 2024/08/20, 11:57:32.932, 16464712573448, vstest.console.dll, TestPluginCache: Executors are ''.
TpTrace Verbose: 0 : 24324, 1, 2024/08/20, 11:57:32.932, 16464712573644, vstest.console.dll, TestPluginCache: Executors2 are ''.
TpTrace Verbose: 0 : 24324, 1, 2024/08/20, 11:57:32.932, 16464712573857, vstest.console.dll, TestPluginCache: Setting providers are ''.
TpTrace Verbose: 0 : 24324, 1, 2024/08/20, 11:57:32.932, 16464712574381, vstest.console.dll, TestPluginCache: Loggers are 'logger://Microsoft/TestPlatform/Extensions/Blame/v1,logger://Microsoft/TestPlatform/HtmlLogger/v1,logger://Microsoft/TestPlatform/TrxLogger/v1'.
TpTrace Verbose: 0 : 24324, 1, 2024/08/20, 11:57:32.932, 16464712574678, vstest.console.dll, TestPluginCache: TestHosts are 'HostProvider://DefaultTestHost,HostProvider://DotnetTestHost'.
TpTrace Verbose: 0 : 24324, 1, 2024/08/20, 11:57:32.932, 16464712574931, vstest.console.dll, TestPluginCache: DataCollectors are ''.
TpTrace Information: 0 : 24324, 1, 2024/08/20, 11:57:32.933, 16464712580904, vstest.console.dll, TestPluginManager.CreateTestExtension: Attempting to load test extension: Microsoft.TestPlatform.Extensions.BlameDataCollector.BlameLogger
TpTrace Verbose: 0 : 24324, 1, 2024/08/20, 11:57:32.939, 16464712644480, vstest.console.dll, TestEngine: Initializing Parallel Execution as MaxCpuCount is set to: 1
TpTrace Information: 0 : 24324, 1, 2024/08/20, 11:57:32.940, 16464712656006, vstest.console.dll, TestPluginManager.CreateTestExtension: Attempting to load test extension: Microsoft.VisualStudio.TestPlatform.CrossPlatEngine.Hosting.DefaultTestHostManager
TpTrace Information: 0 : 24324, 1, 2024/08/20, 11:57:32.941, 16464712664821, vstest.console.dll, TestPluginManager.CreateTestExtension: Attempting to load test extension: Microsoft.VisualStudio.TestPlatform.CrossPlatEngine.Hosting.DotnetTestHostManager
TpTrace Information: 0 : 24324, 1, 2024/08/20, 11:57:32.941, 16464712669214, vstest.console.dll, InferRunSettingsHelper.IsTestSettingsEnabled: Unable to navigate to RunSettings/MSTest. Current node: RunSettings
TpTrace Verbose: 0 : 24324, 1, 2024/08/20, 11:57:32.942, 16464712674392, vstest.console.dll, ParallelOperationManager.ClearSlots: Clearing all slots. Slots should accept more work: True
TpTrace Verbose: 0 : 24324, 1, 2024/08/20, 11:57:32.942, 16464712679639, vstest.console.dll, ParallelOperationManager.SetOccupiedSlotCount: Setting slot counts AvailableSlotCount = 1, OccupiedSlotCount = 0.
TpTrace Verbose: 0 : 24324, 1, 2024/08/20, 11:57:32.943, 16464712682417, vstest.console.dll, Occupied slots:

TpTrace Verbose: 0 : 24324, 1, 2024/08/20, 11:57:32.945, 16464712709051, vstest.console.dll, TestEngine.GetExecutionManager: Chosen execution manager 'Microsoft.VisualStudio.TestPlatform.CrossPlatEngine.Client.Parallel.ParallelProxyExecutionManager, Microsoft.TestPlatform.CrossPlatEngine, Version=15.0.0.0, Culture=neutral, PublicKeyToken=b03f5f7f11d50a3a' ParallelLevel '1'.
TpTrace Verbose: 0 : 24324, 1, 2024/08/20, 11:57:32.946, 16464712710899, vstest.console.dll, TestRunRequest.ExecuteAsync: Creating test run request.
TpTrace Verbose: 0 : 24324, 1, 2024/08/20, 11:57:32.946, 16464712713196, vstest.console.dll, TestRunRequest.ExecuteAsync: Starting.
TpTrace Information: 0 : 24324, 1, 2024/08/20, 11:57:32.947, 16464712721974, vstest.console.dll, TestRunRequest.ExecuteAsync: Starting run with settings:TestRunCriteria:
   KeepAlive=False,FrequencyOfRunStatsChangeEvent=10,RunStatsChangeEventTimeout=00:00:01.5000000,TestCaseFilter=,TestExecutorLauncher=
   Settingsxml=<RunSettings>
  <RunConfiguration>
    <ResultsDirectory>C:\Users\a886676\source\repos\PhoneBookApp\PhoneBookAppUnitTest\bin\Debug\net8.0\fine-code-coverage\coverage-tool-output</ResultsDirectory>
    <TargetPlatform>X64</TargetPlatform>
    <TargetFrameworkVersion>.NETCoreApp,Version=v8.0</TargetFrameworkVersion>
    <DesignMode>False</DesignMode>
    <CollectSourceInformation>False</CollectSourceInformation>
  </RunConfiguration>
  <LoggerRunSettings>
    <Loggers>
      <Logger friendlyName="blame" enabled="True" />
      <Logger friendlyName="Console" uri="logger://microsoft/TestPlatform/ConsoleLogger/v1" assemblyQualifiedName="Microsoft.VisualStudio.TestPlatform.CommandLine.Internal.ConsoleLogger, vstest.console, Version=15.0.0.0, Culture=neutral, PublicKeyToken=b03f5f7f11d50a3a" codeBase="C:\Program Files\dotnet\sdk\8.0.205\vstest.console.dll" enabled="True" />
    </Loggers>
  </LoggerRunSettings>
  <DataCollectionRunSettings>
    <DataCollectors>
      <DataCollector friendlyName="blame" enabled="True">
        <Configuration>
          <ResultsDirectory>C:\Users\a886676\source\repos\PhoneBookApp\PhoneBookAppUnitTest\bin\Debug\net8.0\fine-code-coverage\coverage-tool-output</ResultsDirectory>
        </Configuration>
      </DataCollector>
    </DataCollectors>
  </DataCollectionRunSettings>
</RunSettings>

TpTrace Verbose: 0 : 24324, 1, 2024/08/20, 11:57:32.947, 16464712722481, vstest.console.dll, TestRunRequest.ExecuteAsync: Wait for the first run request is over.
TpTrace Verbose: 0 : 24324, 1, 2024/08/20, 11:57:32.947, 16464712725430, vstest.console.dll, MulticastDelegateUtilities.SafeInvoke: TestRun.TestRunStart: Invoking callbacks was skipped because there are no subscribers.
TpTrace Verbose: 0 : 24324, 4, 2024/08/20, 11:57:32.947, 16464712726946, vstest.console.dll, MulticastDelegateUtilities.SafeInvoke: InternalTestLoggerEvents.SendTestRunStart: Invoking callback 1/1 for Microsoft.VisualStudio.TestPlatform.CommandLine.Internal.ConsoleLogger., took 0 ms.
TpTrace Verbose: 0 : 24324, 1, 2024/08/20, 11:57:32.948, 16464712733424, vstest.console.dll, ParallelProxyExecutionManager: Start execution. Total sources: 1
TpTrace Verbose: 0 : 24324, 1, 2024/08/20, 11:57:32.948, 16464712735980, vstest.console.dll, ParallelOperationManager.StartWork: Starting adding 1 workloads.
TpTrace Verbose: 0 : 24324, 1, 2024/08/20, 11:57:32.948, 16464712736515, vstest.console.dll, ParallelOperationManager.ClearSlots: Clearing all slots. Slots should accept more work: True
TpTrace Verbose: 0 : 24324, 1, 2024/08/20, 11:57:32.948, 16464712737237, vstest.console.dll, ParallelOperationManager.SetOccupiedSlotCount: Setting slot counts AvailableSlotCount = 1, OccupiedSlotCount = 0.
TpTrace Verbose: 0 : 24324, 1, 2024/08/20, 11:57:32.948, 16464712737669, vstest.console.dll, Occupied slots:

TpTrace Verbose: 0 : 24324, 1, 2024/08/20, 11:57:32.949, 16464712748102, vstest.console.dll, TestRequestSender is acting as server.
TpTrace Verbose: 0 : 24324, 1, 2024/08/20, 11:57:32.950, 16464712757026, vstest.console.dll, ParallelOperationManager.RunWorkInParallel: Adding 1 workload to slot, remaining workloads 0.
TpTrace Verbose: 0 : 24324, 1, 2024/08/20, 11:57:32.950, 16464712757519, vstest.console.dll, ParallelOperationManager.SetOccupiedSlotCount: Setting slot counts AvailableSlotCount = 0, OccupiedSlotCount = 1.
TpTrace Verbose: 0 : 24324, 1, 2024/08/20, 11:57:32.950, 16464712758485, vstest.console.dll, Occupied slots:
0: C:\Users\a886676\source\repos\PhoneBookApp\PhoneBookAppUnitTest\bin\Debug\net8.0\fine-code-coverage\build-output\PhoneBookAppUnitTest.dll
TpTrace Verbose: 0 : 24324, 1, 2024/08/20, 11:57:32.951, 16464712766292, vstest.console.dll, ParallelOperationManager.RunWorkInParallel: Started host in slot number 0 for work (source): C:\Users\a886676\source\repos\PhoneBookApp\PhoneBookAppUnitTest\bin\Debug\net8.0\fine-code-coverage\build-output\PhoneBookAppUnitTest.dll.
TpTrace Verbose: 0 : 24324, 1, 2024/08/20, 11:57:32.952, 16464712773119, vstest.console.dll, ParallelOperationManager.RunWorkInParallel: We started 1 work items, which is the max parallel level. Won't start more work.
TpTrace Verbose: 0 : 24324, 5, 2024/08/20, 11:57:32.952, 16464712773599, vstest.console.dll, ParallelProxyExecutionManager.StartTestRunOnConcurrentManager: Initializing uninitialized client. Started clients: 0
TpTrace Verbose: 0 : 24324, 1, 2024/08/20, 11:57:32.952, 16464712773702, vstest.console.dll, ParallelOperationManager.RunWorkInParallel: We started 1 work items in here, returning True.
TpTrace Information: 0 : 24324, 1, 2024/08/20, 11:57:32.952, 16464712774517, vstest.console.dll, TestRunRequest.ExecuteAsync: Started.
TpTrace Verbose: 0 : 24324, 5, 2024/08/20, 11:57:32.952, 16464712774776, vstest.console.dll, DataCollectionRequestSender.InitializeCommunication : Initialize communication. 
TpTrace Verbose: 0 : 24324, 1, 2024/08/20, 11:57:32.952, 16464712780363, vstest.console.dll, TestRunRequest.WaitForCompletion: Waiting with timeout -1.
TpTrace Information: 0 : 24324, 5, 2024/08/20, 11:57:32.961, 16464712868503, vstest.console.dll, Listening on Endpoint : 127.0.0.1:55890
TpTrace Verbose: 0 : 24324, 5, 2024/08/20, 11:57:32.966, 16464712915607, vstest.console.dll, DotnetDataCollectionLauncher: Adding  --runtimeconfig "C:\Program Files\dotnet\sdk\8.0.205\datacollector.runtimeconfig.json" in args
TpTrace Verbose: 0 : 24324, 5, 2024/08/20, 11:57:32.966, 16464712916956, vstest.console.dll, DotnetDataCollectionLauncher: Adding  --depsfile "C:\Program Files\dotnet\sdk\8.0.205\datacollector.deps.json" in args
TpTrace Verbose: 0 : 24324, 5, 2024/08/20, 11:57:32.966, 16464712919216, vstest.console.dll, DotnetDataCollectionLauncher: Full path of dotnet.exe is C:\Program Files\dotnet\dotnet.exe
TpTrace Information: 0 : 24324, 5, 2024/08/20, 11:57:32.974, 16464712998748, vstest.console.dll, ProxyDataCollectionManager.Initialize: Launched datacollector processId: 25128 port: 55890
TpTrace Information: 0 : 24324, 5, 2024/08/20, 11:57:32.975, 16464713000753, vstest.console.dll, ProxyDataCollectionManager.Initialize: waiting for connection with timeout: 90 seconds
TpTrace Verbose: 0 : 24324, 5, 2024/08/20, 11:57:32.975, 16464713001515, vstest.console.dll, DataCollectionRequestSender.WaitForRequestHandlerConnection : Waiting for connection with timeout: 90000
TpTrace Verbose: 0 : 24324, 5, 2024/08/20, 11:57:33.113, 16464714382839, vstest.console.dll, SocketCommunicationManager.WaitForClientConnection took: 138 ms, with 90000 ms timeout, and finished with True.
TpTrace Information: 0 : 24324, 7, 2024/08/20, 11:57:33.113, 16464714382593, vstest.console.dll, Using the buffer size of 16384 bytes
TpTrace Verbose: 0 : 24324, 5, 2024/08/20, 11:57:33.113, 16464714384841, vstest.console.dll, ProxyDataCollectionManager.InvokeDataCollectionServiceAction: Starting.
TpTrace Information: 0 : 24324, 7, 2024/08/20, 11:57:33.113, 16464714385165, vstest.console.dll, Accepted Client request and set the flag
TpTrace Information: 0 : 24324, 5, 2024/08/20, 11:57:33.113, 16464714386639, vstest.console.dll, ProxyDataCollectionManager.BeforeTestRunStart: Get environment variable and port for datacollector processId: 25128 port: 55890
TpTrace Verbose: 0 : 24324, 5, 2024/08/20, 11:57:33.113, 16464714387620, vstest.console.dll, DataCollectionRequestSender.SendBeforeTestRunStartAndGetResult: Send BeforeTestRunStart message with settingsXml <RunSettings><RunConfiguration><ResultsDirectory>C:\Users\a886676\source\repos\PhoneBookApp\PhoneBookAppUnitTest\bin\Debug\net8.0\fine-code-coverage\coverage-tool-output</ResultsDirectory><TargetPlatform>X64</TargetPlatform><TargetFrameworkVersion>.NETCoreApp,Version=v8.0</TargetFrameworkVersion><DesignMode>False</DesignMode><CollectSourceInformation>False</CollectSourceInformation><TestAdaptersPaths>C:\Program Files\dotnet\sdk\8.0.205\Extensions</TestAdaptersPaths></RunConfiguration><LoggerRunSettings><Loggers><Logger friendlyName="blame" enabled="True" /><Logger friendlyName="Console" uri="logger://microsoft/TestPlatform/ConsoleLogger/v1" assemblyQualifiedName="Microsoft.VisualStudio.TestPlatform.CommandLine.Internal.ConsoleLogger, vstest.console, Version=15.0.0.0, Culture=neutral, PublicKeyToken=b03f5f7f11d50a3a" codeBase="C:\Program Files\dotnet\sdk\8.0.205\vstest.console.dll" enabled="True" /></Loggers></LoggerRunSettings><DataCollectionRunSettings><DataCollectors><DataCollector friendlyName="blame" enabled="True"><Configuration><ResultsDirectory>C:\Users\a886676\source\repos\PhoneBookApp\PhoneBookAppUnitTest\bin\Debug\net8.0\fine-code-coverage\coverage-tool-output</ResultsDirectory></Configuration></DataCollector></DataCollectors></DataCollectionRunSettings></RunSettings> and sources System.Collections.Generic.List`1[System.String]: 
TpTrace Verbose: 0 : 24324, 5, 2024/08/20, 11:57:33.153, 16464714783844, vstest.console.dll, DataCollectionRequestSender.SendBeforeTestRunStartAndGetResult: Received message: (DataCollection.SendMessage) -> {"MessageType":"DataCollection.SendMessage","Payload":{"FriendlyName":null,"Uri":null,"TestCaseId":"00000000-0000-0000-0000-000000000000","Message":"Logging DataCollector Diagnostics in file: C:\\Users\\a886676\\source\\repos\\PhoneBookApp\\PhoneBookAppUnitTest\\bin\\Debug\\net8.0\\fine-code-coverage\\coverage-tool-output\\diagnostics.datacollector.24-08-20_11-57-32_96624_5.log","Level":0}}
TpTrace Verbose: 0 : 24324, 5, 2024/08/20, 11:57:33.224, 16464715498118, vstest.console.dll, DataCollectionRequestSender.SendBeforeTestRunStartAndGetResult: Received message: (DataCollection.BeforeTestRunStartResult) -> {"MessageType":"DataCollection.BeforeTestRunStartResult","Payload":{"EnvironmentVariables":{},"DataCollectionEventsPort":55894}}
TpTrace Information: 0 : 24324, 5, 2024/08/20, 11:57:33.228, 16464715531268, vstest.console.dll, ProxyDataCollectionManager.BeforeTestRunStart: SendBeforeTestRunStartAndGetResult successful, env variable from datacollector:   and testhost port: 55894
TpTrace Information: 0 : 24324, 5, 2024/08/20, 11:57:33.228, 16464715531836, vstest.console.dll, ProxyDataCollectionManager.InvokeDataCollectionServiceAction: Completed.
TpTrace Verbose: 0 : 24324, 5, 2024/08/20, 11:57:33.228, 16464715532187, vstest.console.dll, ParallelProxyExecutionManager.StartTestRunOnConcurrentManager: Initializing test run. Started clients: 0
TpTrace Verbose: 0 : 24324, 5, 2024/08/20, 11:57:33.228, 16464715532822, vstest.console.dll, ProxyExecutionManager: Test host is always Lazy initialize.
TpTrace Verbose: 0 : 24324, 5, 2024/08/20, 11:57:33.228, 16464715535109, vstest.console.dll, TestRequestSender.InitializeCommunication: initialize communication. 
TpTrace Information: 0 : 24324, 5, 2024/08/20, 11:57:33.228, 16464715540407, vstest.console.dll, SocketServer.Start: Listening on endpoint : 127.0.0.1:55895
TpTrace Verbose: 0 : 24324, 5, 2024/08/20, 11:57:33.229, 16464715546456, vstest.console.dll, DotnetTestHostmanager.GetTestHostProcessStartInfo: Platform environment 'X64' target architecture 'X64' framework '.NETCoreApp,Version=v8.0' OS 'Windows'
TpTrace Verbose: 0 : 24324, 5, 2024/08/20, 11:57:33.229, 16464715548216, vstest.console.dll, DotnetTestHostmanager: Adding  --runtimeconfig "C:\Users\a886676\source\repos\PhoneBookApp\PhoneBookAppUnitTest\bin\Debug\net8.0\fine-code-coverage\build-output\PhoneBookAppUnitTest.runtimeconfig.json" in args
TpTrace Verbose: 0 : 24324, 5, 2024/08/20, 11:57:33.229, 16464715549029, vstest.console.dll, DotnetTestHostmanager: Adding  --depsfile "C:\Users\a886676\source\repos\PhoneBookApp\PhoneBookAppUnitTest\bin\Debug\net8.0\fine-code-coverage\build-output\PhoneBookAppUnitTest.deps.json" in args
TpTrace Verbose: 0 : 24324, 5, 2024/08/20, 11:57:33.229, 16464715550389, vstest.console.dll, DotnetTestHostmanager.IsWinOnArm: Current PROCESSOR_ARCHITECTURE from environment variable 'AMD64'
TpTrace Verbose: 0 : 24324, 5, 2024/08/20, 11:57:33.230, 16464715550854, vstest.console.dll, DotnetTestHostmanager.IsWinOnArm: Is Windows on ARM 'False'
TpTrace Verbose: 0 : 24324, 5, 2024/08/20, 11:57:33.230, 16464715551548, vstest.console.dll, DotnetTestHostManager: testhost.exe found at path: C:\Users\a886676\source\repos\PhoneBookApp\PhoneBookAppUnitTest\bin\Debug\net8.0\fine-code-coverage\build-output\testhost.exe
TpTrace Verbose: 0 : 24324, 5, 2024/08/20, 11:57:33.230, 16464715551873, vstest.console.dll, DotnetTestHostmanager: Full path of host exe is C:\Users\a886676\source\repos\PhoneBookApp\PhoneBookAppUnitTest\bin\Debug\net8.0\fine-code-coverage\build-output\testhost.exe
TpTrace Verbose: 0 : 24324, 5, 2024/08/20, 11:57:33.230, 16464715552749, vstest.console.dll, DotnetTestHostmanager.LaunchTestHostAsync: Found 'VSTEST_WINAPPHOST_DOTNET_ROOT' in env variables, value 'C:\Program Files\dotnet', forwarding to 'DOTNET_ROOT'
TpTrace Verbose: 0 : 24324, 5, 2024/08/20, 11:57:33.230, 16464715553692, vstest.console.dll, DotnetTestHostManager: Starting process 'C:\Users\a886676\source\repos\PhoneBookApp\PhoneBookAppUnitTest\bin\Debug\net8.0\fine-code-coverage\build-output\testhost.exe' with command line ' --runtimeconfig "C:\Users\a886676\source\repos\PhoneBookApp\PhoneBookAppUnitTest\bin\Debug\net8.0\fine-code-coverage\build-output\PhoneBookAppUnitTest.runtimeconfig.json" --depsfile "C:\Users\a886676\source\repos\PhoneBookApp\PhoneBookAppUnitTest\bin\Debug\net8.0\fine-code-coverage\build-output\PhoneBookAppUnitTest.deps.json" --port 55895 --endpoint 127.0.0.1:055895 --role client --parentprocessid 24324 --diag "C:\Users\a886676\source\repos\PhoneBookApp\PhoneBookAppUnitTest\bin\Debug\net8.0\fine-code-coverage\coverage-tool-output\diagnostics.host.24-08-20_11-57-33_22930_5.log" --tracelevel 4 --datacollectionport 55894 --telemetryoptedin false'
TpTrace Verbose: 0 : 24324, 5, 2024/08/20, 11:57:33.238, 16464715632228, vstest.console.dll, MulticastDelegateUtilities.SafeInvoke: HostProviderEvents.OnHostLaunched: Invoking callback 1/2 for Microsoft.VisualStudio.TestPlatform.CrossPlatEngine.Client.ProxyExecutionManagerWithDataCollection., took 1 ms.
TpTrace Verbose: 0 : 24324, 5, 2024/08/20, 11:57:33.238, 16464715635174, vstest.console.dll, Test Runtime launched
TpTrace Verbose: 0 : 24324, 5, 2024/08/20, 11:57:33.238, 16464715635865, vstest.console.dll, MulticastDelegateUtilities.SafeInvoke: HostProviderEvents.OnHostLaunched: Invoking callback 2/2 for Microsoft.VisualStudio.TestPlatform.CrossPlatEngine.Client.ProxyOperationManager., took 0 ms.
TpTrace Verbose: 0 : 24324, 5, 2024/08/20, 11:57:33.238, 16464715637253, vstest.console.dll, TestRequestSender.WaitForRequestHandlerConnection: waiting for connection with timeout: 90000.
TpTrace Verbose: 0 : 24324, 5, 2024/08/20, 11:57:33.413, 16464717381929, vstest.console.dll, TestRequestSender.WaitForRequestHandlerConnection: waiting took 174 ms, with timeout 90000 ms, and result 0, which is success.
TpTrace Verbose: 0 : 24324, 7, 2024/08/20, 11:57:33.413, 16464717381929, vstest.console.dll, MulticastDelegateUtilities.SafeInvoke: SocketServer: ClientConnected: Invoking callback 1/1 for Microsoft.VisualStudio.TestPlatform.CommunicationUtilities.TestRequestSender., took 0 ms.
TpTrace Verbose: 0 : 24324, 7, 2024/08/20, 11:57:33.413, 16464717384045, vstest.console.dll, SocketServer.OnClientConnected: Client connected for endPoint: 127.0.0.1:55895, starting MessageLoopAsync:
TpTrace Verbose: 0 : 24324, 7, 2024/08/20, 11:57:33.413, 16464717389272, vstest.console.dll, TcpClientExtensions.MessageLoopAsync: Polling on remoteEndPoint: 127.0.0.1:55896 localEndPoint: 127.0.0.1:55895 after 0 ms
TpTrace Verbose: 0 : 24324, 5, 2024/08/20, 11:57:33.414, 16464717392702, vstest.console.dll, TestRequestSender.CheckVersionWithTestHost: Sending check version message: {"MessageType":"ProtocolVersion","Payload":7}
TpTrace Verbose: 0 : 24324, 7, 2024/08/20, 11:57:33.489, 16464718146949, vstest.console.dll, TcpClientExtensions.MessageLoopAsync: NotifyDataAvailable remoteEndPoint: 127.0.0.1:55896 localEndPoint: 127.0.0.1:55895
TpTrace Verbose: 0 : 24324, 7, 2024/08/20, 11:57:33.489, 16464718148929, vstest.console.dll, TestRequestSender.CheckVersionWithTestHost: onMessageReceived received message: (ProtocolVersion) -> {"MessageType":"ProtocolVersion","Payload":7}
TpTrace Verbose: 0 : 24324, 7, 2024/08/20, 11:57:33.490, 16464718153291, vstest.console.dll, MulticastDelegateUtilities.SafeInvoke: LengthPrefixCommunicationChannel: MessageReceived: Invoking callback 1/1 for Microsoft.VisualStudio.TestPlatform.CommunicationUtilities.TestRequestSender+<>c__DisplayClass29_0., took 0 ms.
TpTrace Verbose: 0 : 24324, 7, 2024/08/20, 11:57:33.490, 16464718154129, vstest.console.dll, TcpClientExtensions.MessageLoopAsync: Polling on remoteEndPoint: 127.0.0.1:55896 localEndPoint: 127.0.0.1:55895 after 76 ms
TpTrace Verbose: 0 : 24324, 5, 2024/08/20, 11:57:33.490, 16464718154635, vstest.console.dll, TestPluginCache.GetExtensionPaths: Filtered extension paths: 
TpTrace Verbose: 0 : 24324, 5, 2024/08/20, 11:57:33.490, 16464718155246, vstest.console.dll, TestPluginCache.GetExtensionPaths: Added default extension paths: C:\Program Files\dotnet\sdk\8.0.205\Extensions\Microsoft.Diagnostics.NETCore.Client.dll
C:\Program Files\dotnet\sdk\8.0.205\Extensions\Microsoft.TestPlatform.Extensions.BlameDataCollector.dll
C:\Program Files\dotnet\sdk\8.0.205\Extensions\Microsoft.TestPlatform.Extensions.EventLogCollector.dll
C:\Program Files\dotnet\sdk\8.0.205\Extensions\Microsoft.TestPlatform.TestHostRuntimeProvider.dll
C:\Program Files\dotnet\sdk\8.0.205\Extensions\Microsoft.VisualStudio.TestPlatform.Extensions.Html.TestLogger.dll
C:\Program Files\dotnet\sdk\8.0.205\Extensions\Microsoft.VisualStudio.TestPlatform.Extensions.Trx.TestLogger.dll
TpTrace Verbose: 0 : 24324, 5, 2024/08/20, 11:57:33.490, 16464718155578, vstest.console.dll, TestPluginCache.GetExtensionPaths: Added unfilterableExtensionPaths: 
TpTrace Verbose: 0 : 24324, 5, 2024/08/20, 11:57:33.492, 16464718175293, vstest.console.dll, TestRequestSender.InitializeExecution: Sending initialize execution with message: {"Version":7,"MessageType":"TestExecution.Initialize","Payload":["C:\\Users\\a886676\\source\\repos\\PhoneBookApp\\PhoneBookAppUnitTest\\bin\\Debug\\net8.0\\fine-code-coverage\\build-output\\xunit.runner.visualstudio.dotnetcore.testadapter.dll"]}
TpTrace Verbose: 0 : 24324, 5, 2024/08/20, 11:57:33.492, 16464718177093, vstest.console.dll, ParallelProxyExecutionManager.StartTestRunOnConcurrentManager: Execution starting. Started clients: 1
TpTrace Verbose: 0 : 24324, 5, 2024/08/20, 11:57:33.492, 16464718178950, vstest.console.dll, TestRunRequest:SendTestRunMessage: Starting.
TpTrace Verbose: 0 : 24324, 5, 2024/08/20, 11:57:33.492, 16464718180203, vstest.console.dll, MulticastDelegateUtilities.SafeInvoke: TestRun.LogMessages: Invoking callback 1/1 for Microsoft.VisualStudio.TestPlatform.CommandLine.TestRunResultAggregator., took 0 ms.
TpTrace Information: 0 : 24324, 5, 2024/08/20, 11:57:33.493, 16464718180807, vstest.console.dll, TestRunRequest:SendTestRunMessage: Completed.
TpTrace Verbose: 0 : 24324, 4, 2024/08/20, 11:57:33.493, 16464718181724, vstest.console.dll, MulticastDelegateUtilities.SafeInvoke: InternalTestLoggerEvents.SendTestRunMessage: Invoking callback 1/1 for Microsoft.VisualStudio.TestPlatform.CommandLine.Internal.ConsoleLogger., took 0 ms.
TpTrace Warning: 0 : 24324, 5, 2024/08/20, 11:57:33.493, 16464718183734, vstest.console.dll, InferRunSettingsHelper.MakeRunsettingsCompatible: Removing the following settings: TargetPlatform from RunSettings file. To use those settings please move to latest version of Microsoft.NET.Test.Sdk
TpTrace Verbose: 0 : 24324, 7, 2024/08/20, 11:57:33.493, 16464718187737, vstest.console.dll, TcpClientExtensions.MessageLoopAsync: NotifyDataAvailable remoteEndPoint: 127.0.0.1:55896 localEndPoint: 127.0.0.1:55895
TpTrace Verbose: 0 : 24324, 7, 2024/08/20, 11:57:33.493, 16464718189796, vstest.console.dll, TestRequestSender.OnExecutionMessageReceived: Received message: {"Version":7,"MessageType":"TestSession.Message","Payload":{"MessageLevel":0,"Message":"Logging TestHost Diagnostics in file: C:\\Users\\a886676\\source\\repos\\PhoneBookApp\\PhoneBookAppUnitTest\\bin\\Debug\\net8.0\\fine-code-coverage\\coverage-tool-output\\diagnostics.host.24-08-20_11-57-33_22930_5.log"}}
TpTrace Verbose: 0 : 24324, 7, 2024/08/20, 11:57:33.496, 16464718212430, vstest.console.dll, TestRunRequest:SendTestRunMessage: Starting.
TpTrace Verbose: 0 : 24324, 7, 2024/08/20, 11:57:33.496, 16464718213833, vstest.console.dll, MulticastDelegateUtilities.SafeInvoke: TestRun.LogMessages: Invoking callback 1/1 for Microsoft.VisualStudio.TestPlatform.CommandLine.TestRunResultAggregator., took 0 ms.
TpTrace Verbose: 0 : 24324, 4, 2024/08/20, 11:57:33.496, 16464718213993, vstest.console.dll, MulticastDelegateUtilities.SafeInvoke: InternalTestLoggerEvents.SendTestRunMessage: Invoking callback 1/1 for Microsoft.VisualStudio.TestPlatform.CommandLine.Internal.ConsoleLogger., took 0 ms.
TpTrace Information: 0 : 24324, 7, 2024/08/20, 11:57:33.496, 16464718214201, vstest.console.dll, TestRunRequest:SendTestRunMessage: Completed.
TpTrace Verbose: 0 : 24324, 7, 2024/08/20, 11:57:33.496, 16464718215063, vstest.console.dll, MulticastDelegateUtilities.SafeInvoke: LengthPrefixCommunicationChannel: MessageReceived: Invoking callback 1/1 for Microsoft.VisualStudio.TestPlatform.CommunicationUtilities.TestRequestSender+<>c__DisplayClass34_0., took 2 ms.
TpTrace Verbose: 0 : 24324, 7, 2024/08/20, 11:57:33.496, 16464718215595, vstest.console.dll, TcpClientExtensions.MessageLoopAsync: Polling on remoteEndPoint: 127.0.0.1:55896 localEndPoint: 127.0.0.1:55895 after 6 ms
TpTrace Verbose: 0 : 24324, 5, 2024/08/20, 11:57:33.498, 16464718231446, vstest.console.dll, TestRequestSender.StartTestRun: Sending test run with message: {"Version":7,"MessageType":"TestExecution.StartWithSources","Payload":{"AdapterSourceMap":{"_none_":["C:\\Users\\a886676\\source\\repos\\PhoneBookApp\\PhoneBookAppUnitTest\\bin\\Debug\\net8.0\\fine-code-coverage\\build-output\\PhoneBookAppUnitTest.dll"]},"RunSettings":"<RunSettings>\r\n  <RunConfiguration>\r\n    <ResultsDirectory>C:\\Users\\a886676\\source\\repos\\PhoneBookApp\\PhoneBookAppUnitTest\\bin\\Debug\\net8.0\\fine-code-coverage\\coverage-tool-output</ResultsDirectory>\r\n    <TargetFrameworkVersion>.NETCoreApp,Version=v8.0</TargetFrameworkVersion>\r\n    <DesignMode>False</DesignMode>\r\n    <CollectSourceInformation>False</CollectSourceInformation>\r\n  </RunConfiguration>\r\n  <LoggerRunSettings>\r\n    <Loggers>\r\n      <Logger friendlyName=\"blame\" enabled=\"True\" />\r\n      <Logger friendlyName=\"Console\" uri=\"logger://microsoft/TestPlatform/ConsoleLogger/v1\" assemblyQualifiedName=\"Microsoft.VisualStudio.TestPlatform.CommandLine.Internal.ConsoleLogger, vstest.console, Version=15.0.0.0, Culture=neutral, PublicKeyToken=b03f5f7f11d50a3a\" codeBase=\"C:\\Program Files\\dotnet\\sdk\\8.0.205\\vstest.console.dll\" enabled=\"True\" />\r\n    </Loggers>\r\n  </LoggerRunSettings>\r\n  <DataCollectionRunSettings>\r\n    <DataCollectors>\r\n      <DataCollector friendlyName=\"blame\" enabled=\"True\">\r\n        <Configuration>\r\n          <ResultsDirectory>C:\\Users\\a886676\\source\\repos\\PhoneBookApp\\PhoneBookAppUnitTest\\bin\\Debug\\net8.0\\fine-code-coverage\\coverage-tool-output</ResultsDirectory>\r\n        </Configuration>\r\n      </DataCollector>\r\n    </DataCollectors>\r\n  </DataCollectionRunSettings>\r\n</RunSettings>","TestExecutionContext":{"FrequencyOfRunStatsChangeEvent":10,"RunStatsChangeEventTimeout":"00:00:01.5000000","InIsolation":false,"KeepAlive":false,"AreTestCaseLevelEventsRequired":false,"IsDebug":false,"TestCaseFilter":null,"FilterOptions":null},"Package":null}}
TpTrace Verbose: 0 : 24324, 5, 2024/08/20, 11:57:33.498, 16464718232773, vstest.console.dll, ParallelProxyExecutionManager.StartTestRunOnConcurrentManager: Execution started. Started clients: 1
TpTrace Verbose: 0 : 24324, 7, 2024/08/20, 11:57:33.596, 16464719210791, vstest.console.dll, TcpClientExtensions.MessageLoopAsync: NotifyDataAvailable remoteEndPoint: 127.0.0.1:55896 localEndPoint: 127.0.0.1:55895
TpTrace Verbose: 0 : 24324, 7, 2024/08/20, 11:57:33.596, 16464719212232, vstest.console.dll, TestRequestSender.OnExecutionMessageReceived: Received message: {"Version":7,"MessageType":"TestSession.Message","Payload":{"MessageLevel":0,"Message":"[xUnit.net 00:00:00.00] xUnit.net VSTest Adapter v2.5.3.1+6b60a9e56a (64-bit .NET 8.0.5)"}}
TpTrace Verbose: 0 : 24324, 7, 2024/08/20, 11:57:33.596, 16464719213878, vstest.console.dll, TestRunRequest:SendTestRunMessage: Starting.
TpTrace Verbose: 0 : 24324, 7, 2024/08/20, 11:57:33.596, 16464719214423, vstest.console.dll, MulticastDelegateUtilities.SafeInvoke: TestRun.LogMessages: Invoking callback 1/1 for Microsoft.VisualStudio.TestPlatform.CommandLine.TestRunResultAggregator., took 0 ms.
TpTrace Information: 0 : 24324, 7, 2024/08/20, 11:57:33.596, 16464719214696, vstest.console.dll, TestRunRequest:SendTestRunMessage: Completed.
TpTrace Verbose: 0 : 24324, 7, 2024/08/20, 11:57:33.596, 16464719215229, vstest.console.dll, MulticastDelegateUtilities.SafeInvoke: LengthPrefixCommunicationChannel: MessageReceived: Invoking callback 1/1 for Microsoft.VisualStudio.TestPlatform.CommunicationUtilities.TestRequestSender+<>c__DisplayClass34_0., took 0 ms.
TpTrace Verbose: 0 : 24324, 4, 2024/08/20, 11:57:33.596, 16464719215390, vstest.console.dll, MulticastDelegateUtilities.SafeInvoke: InternalTestLoggerEvents.SendTestRunMessage: Invoking callback 1/1 for Microsoft.VisualStudio.TestPlatform.CommandLine.Internal.ConsoleLogger., took 0 ms.
TpTrace Verbose: 0 : 24324, 7, 2024/08/20, 11:57:33.596, 16464719215572, vstest.console.dll, TcpClientExtensions.MessageLoopAsync: Polling on remoteEndPoint: 127.0.0.1:55896 localEndPoint: 127.0.0.1:55895 after 99 ms
TpTrace Verbose: 0 : 24324, 7, 2024/08/20, 11:57:33.656, 16464719820116, vstest.console.dll, TcpClientExtensions.MessageLoopAsync: NotifyDataAvailable remoteEndPoint: 127.0.0.1:55896 localEndPoint: 127.0.0.1:55895
TpTrace Verbose: 0 : 24324, 7, 2024/08/20, 11:57:33.657, 16464719822052, vstest.console.dll, TestRequestSender.OnExecutionMessageReceived: Received message: {"Version":7,"MessageType":"TestSession.Message","Payload":{"MessageLevel":0,"Message":"[xUnit.net 00:00:00.06]   Discovering: PhoneBookAppUnitTest"}}
TpTrace Verbose: 0 : 24324, 7, 2024/08/20, 11:57:33.657, 16464719823808, vstest.console.dll, TestRunRequest:SendTestRunMessage: Starting.
TpTrace Verbose: 0 : 24324, 7, 2024/08/20, 11:57:33.657, 16464719824702, vstest.console.dll, MulticastDelegateUtilities.SafeInvoke: TestRun.LogMessages: Invoking callback 1/1 for Microsoft.VisualStudio.TestPlatform.CommandLine.TestRunResultAggregator., took 0 ms.
TpTrace Information: 0 : 24324, 7, 2024/08/20, 11:57:33.657, 16464719824975, vstest.console.dll, TestRunRequest:SendTestRunMessage: Completed.
TpTrace Verbose: 0 : 24324, 4, 2024/08/20, 11:57:33.657, 16464719824991, vstest.console.dll, MulticastDelegateUtilities.SafeInvoke: InternalTestLoggerEvents.SendTestRunMessage: Invoking callback 1/1 for Microsoft.VisualStudio.TestPlatform.CommandLine.Internal.ConsoleLogger., took 0 ms.
TpTrace Verbose: 0 : 24324, 7, 2024/08/20, 11:57:33.657, 16464719825274, vstest.console.dll, MulticastDelegateUtilities.SafeInvoke: LengthPrefixCommunicationChannel: MessageReceived: Invoking callback 1/1 for Microsoft.VisualStudio.TestPlatform.CommunicationUtilities.TestRequestSender+<>c__DisplayClass34_0., took 0 ms.
TpTrace Verbose: 0 : 24324, 7, 2024/08/20, 11:57:33.657, 16464719826854, vstest.console.dll, TcpClientExtensions.MessageLoopAsync: Polling on remoteEndPoint: 127.0.0.1:55896 localEndPoint: 127.0.0.1:55895 after 60 ms
TpTrace Verbose: 0 : 24324, 7, 2024/08/20, 11:57:33.686, 16464720115155, vstest.console.dll, TcpClientExtensions.MessageLoopAsync: NotifyDataAvailable remoteEndPoint: 127.0.0.1:55896 localEndPoint: 127.0.0.1:55895
TpTrace Verbose: 0 : 24324, 7, 2024/08/20, 11:57:33.686, 16464720117046, vstest.console.dll, TestRequestSender.OnExecutionMessageReceived: Received message: {"Version":7,"MessageType":"TestSession.Message","Payload":{"MessageLevel":0,"Message":"[xUnit.net 00:00:00.09]   Discovered:  PhoneBookAppUnitTest"}}
TpTrace Verbose: 0 : 24324, 7, 2024/08/20, 11:57:33.686, 16464720118156, vstest.console.dll, TestRunRequest:SendTestRunMessage: Starting.
TpTrace Verbose: 0 : 24324, 4, 2024/08/20, 11:57:33.686, 16464720119250, vstest.console.dll, MulticastDelegateUtilities.SafeInvoke: InternalTestLoggerEvents.SendTestRunMessage: Invoking callback 1/1 for Microsoft.VisualStudio.TestPlatform.CommandLine.Internal.ConsoleLogger., took 0 ms.
TpTrace Verbose: 0 : 24324, 7, 2024/08/20, 11:57:33.686, 16464720119473, vstest.console.dll, MulticastDelegateUtilities.SafeInvoke: TestRun.LogMessages: Invoking callback 1/1 for Microsoft.VisualStudio.TestPlatform.CommandLine.TestRunResultAggregator., took 0 ms.
TpTrace Information: 0 : 24324, 7, 2024/08/20, 11:57:33.687, 16464720120513, vstest.console.dll, TestRunRequest:SendTestRunMessage: Completed.
TpTrace Verbose: 0 : 24324, 7, 2024/08/20, 11:57:33.687, 16464720121096, vstest.console.dll, MulticastDelegateUtilities.SafeInvoke: LengthPrefixCommunicationChannel: MessageReceived: Invoking callback 1/1 for Microsoft.VisualStudio.TestPlatform.CommunicationUtilities.TestRequestSender+<>c__DisplayClass34_0., took 0 ms.
TpTrace Verbose: 0 : 24324, 7, 2024/08/20, 11:57:33.687, 16464720121433, vstest.console.dll, TcpClientExtensions.MessageLoopAsync: Polling on remoteEndPoint: 127.0.0.1:55896 localEndPoint: 127.0.0.1:55895 after 29 ms
TpTrace Verbose: 0 : 24324, 7, 2024/08/20, 11:57:33.688, 16464720137205, vstest.console.dll, TcpClientExtensions.MessageLoopAsync: NotifyDataAvailable remoteEndPoint: 127.0.0.1:55896 localEndPoint: 127.0.0.1:55895
TpTrace Verbose: 0 : 24324, 7, 2024/08/20, 11:57:33.688, 16464720137959, vstest.console.dll, TestRequestSender.OnExecutionMessageReceived: Received message: {"Version":7,"MessageType":"TestSession.Message","Payload":{"MessageLevel":0,"Message":"[xUnit.net 00:00:00.09]   Starting:    PhoneBookAppUnitTest"}}
TpTrace Verbose: 0 : 24324, 7, 2024/08/20, 11:57:33.688, 16464720138599, vstest.console.dll, TestRunRequest:SendTestRunMessage: Starting.
TpTrace Verbose: 0 : 24324, 7, 2024/08/20, 11:57:33.688, 16464720139080, vstest.console.dll, MulticastDelegateUtilities.SafeInvoke: TestRun.LogMessages: Invoking callback 1/1 for Microsoft.VisualStudio.TestPlatform.CommandLine.TestRunResultAggregator., took 0 ms.
TpTrace Verbose: 0 : 24324, 4, 2024/08/20, 11:57:33.688, 16464720139253, vstest.console.dll, MulticastDelegateUtilities.SafeInvoke: InternalTestLoggerEvents.SendTestRunMessage: Invoking callback 1/1 for Microsoft.VisualStudio.TestPlatform.CommandLine.Internal.ConsoleLogger., took 0 ms.
TpTrace Information: 0 : 24324, 7, 2024/08/20, 11:57:33.688, 16464720139344, vstest.console.dll, TestRunRequest:SendTestRunMessage: Completed.
TpTrace Verbose: 0 : 24324, 7, 2024/08/20, 11:57:33.688, 16464720140118, vstest.console.dll, MulticastDelegateUtilities.SafeInvoke: LengthPrefixCommunicationChannel: MessageReceived: Invoking callback 1/1 for Microsoft.VisualStudio.TestPlatform.CommunicationUtilities.TestRequestSender+<>c__DisplayClass34_0., took 0 ms.
TpTrace Verbose: 0 : 24324, 7, 2024/08/20, 11:57:33.689, 16464720140397, vstest.console.dll, TcpClientExtensions.MessageLoopAsync: Polling on remoteEndPoint: 127.0.0.1:55896 localEndPoint: 127.0.0.1:55895 after 1 ms
TpTrace Verbose: 0 : 24324, 7, 2024/08/20, 11:57:33.806, 16464721314471, vstest.console.dll, TcpClientExtensions.MessageLoopAsync: NotifyDataAvailable remoteEndPoint: 127.0.0.1:55896 localEndPoint: 127.0.0.1:55895
TpTrace Verbose: 0 : 24324, 7, 2024/08/20, 11:57:33.806, 16464721316920, vstest.console.dll, TestRequestSender.OnExecutionMessageReceived: Received message: {"Version":7,"MessageType":"TestSession.Message","Payload":{"MessageLevel":0,"Message":"[xUnit.net 00:00:00.21]   Finished:    PhoneBookAppUnitTest"}}
TpTrace Verbose: 0 : 24324, 7, 2024/08/20, 11:57:33.806, 16464721318120, vstest.console.dll, TestRunRequest:SendTestRunMessage: Starting.
TpTrace Verbose: 0 : 24324, 7, 2024/08/20, 11:57:33.806, 16464721318614, vstest.console.dll, MulticastDelegateUtilities.SafeInvoke: TestRun.LogMessages: Invoking callback 1/1 for Microsoft.VisualStudio.TestPlatform.CommandLine.TestRunResultAggregator., took 0 ms.
TpTrace Information: 0 : 24324, 7, 2024/08/20, 11:57:33.806, 16464721318879, vstest.console.dll, TestRunRequest:SendTestRunMessage: Completed.
TpTrace Verbose: 0 : 24324, 4, 2024/08/20, 11:57:33.806, 16464721318840, vstest.console.dll, MulticastDelegateUtilities.SafeInvoke: InternalTestLoggerEvents.SendTestRunMessage: Invoking callback 1/1 for Microsoft.VisualStudio.TestPlatform.CommandLine.Internal.ConsoleLogger., took 0 ms.
TpTrace Verbose: 0 : 24324, 7, 2024/08/20, 11:57:33.806, 16464721319178, vstest.console.dll, MulticastDelegateUtilities.SafeInvoke: LengthPrefixCommunicationChannel: MessageReceived: Invoking callback 1/1 for Microsoft.VisualStudio.TestPlatform.CommunicationUtilities.TestRequestSender+<>c__DisplayClass34_0., took 0 ms.
TpTrace Verbose: 0 : 24324, 7, 2024/08/20, 11:57:33.806, 16464721320260, vstest.console.dll, TcpClientExtensions.MessageLoopAsync: Polling on remoteEndPoint: 127.0.0.1:55896 localEndPoint: 127.0.0.1:55895 after 117 ms
TpTrace Verbose: 0 : 24324, 7, 2024/08/20, 11:57:33.837, 16464721623747, vstest.console.dll, TcpClientExtensions.MessageLoopAsync: NotifyDataAvailable remoteEndPoint: 127.0.0.1:55896 localEndPoint: 127.0.0.1:55895
TpTrace Verbose: 0 : 24324, 7, 2024/08/20, 11:57:33.837, 16464721626076, vstest.console.dll, TestRequestSender.OnExecutionMessageReceived: Received message: {"Version":7,"MessageType":"TestExecution.Completed","Payload":{"TestRunCompleteArgs":{"TestRunStatistics":{"ExecutedTests":5,"Stats":{"Passed":5}},"IsCanceled":false,"IsAborted":false,"Error":null,"AttachmentSets":[],"InvokedDataCollectors":[],"ElapsedTimeInRunningTests":"00:00:00.2204398","Metrics":{},"DiscoveredExtensions":{"TestDiscoverers":["Xunit.Runner.VisualStudio.VsTestRunner, xunit.runner.visualstudio.dotnetcore.testadapter, Version=2.5.0.0, Culture=neutral, PublicKeyToken=null"],"TestExecutors":["executor://xunit/VsTestRunner2/netcoreapp"],"TestExecutors2":[],"TestSettingsProviders":[]}},"LastRunTests":{"NewTestResults":[{"TestCase":{"Id":"d91e145f-21dd-3087-1987-3ce0abc61e97","FullyQualifiedName":"PhoneBookApp.Tests.ContactsControllerTests.CreateContact_ValidContactDto_CreatesNewContact","DisplayName":"PhoneBookApp.Tests.ContactsControllerTests.CreateContact_ValidContactDto_CreatesNewContact","ExecutorUri":"executor://xunit/VsTestRunner2/netcoreapp","Source":"C:\\Users\\a886676\\source\\repos\\PhoneBookApp\\PhoneBookAppUnitTest\\bin\\Debug\\net8.0\\fine-code-coverage\\build-output\\PhoneBookAppUnitTest.dll","CodeFilePath":null,"LineNumber":0,"Properties":[]},"Attachments":[],"Outcome":1,"ErrorMessage":null,"ErrorStackTrace":null,"DisplayName":"PhoneBookApp.Tests.ContactsControllerTests.CreateContact_ValidContactDto_CreatesNewContact","Messages":[],"ComputerName":"DESKTOP-FB8M12P","Duration":"00:00:00.0589900","StartTime":"2024-08-20T09:57:33.7833598+00:00","EndTime":"2024-08-20T09:57:33.7833778+00:00","Properties":[]},{"TestCase":{"Id":"86d7a6b6-b6b8-de40-a0b4-09ae84c6a8e0","FullyQualifiedName":"PhoneBookApp.Tests.ContactsControllerTests.GetContacts_AllContactsExist_ReturnsAllContacts","DisplayName":"PhoneBookApp.Tests.ContactsControllerTests.GetContacts_AllContactsExist_ReturnsAllContacts","ExecutorUri":"executor://xunit/VsTestRunner2/netcoreapp","Source":"C:\\Users\\a886676\\source\\repos\\PhoneBookApp\\PhoneBookAppUnitTest\\bin\\Debug\\net8.0\\fine-code-coverage\\build-output\\PhoneBookAppUnitTest.dll","CodeFilePath":null,"LineNumber":0,"Properties":[]},"Attachments":[],"Outcome":1,"ErrorMessage":null,"ErrorStackTrace":null,"DisplayName":"PhoneBookApp.Tests.ContactsControllerTests.GetContacts_AllContactsExist_ReturnsAllContacts","Messages":[],"ComputerName":"DESKTOP-FB8M12P","Duration":"00:00:00.0022457","StartTime":"2024-08-20T09:57:33.7983462+00:00","EndTime":"2024-08-20T09:57:33.7983463+00:00","Properties":[]},{"TestCase":{"Id":"fba6e2fe-11fc-f9b7-831a-125ff916369d","FullyQualifiedName":"PhoneBookApp.Tests.ContactsControllerTests.UpdateContact_ExistingContactId_UpdatesContact","DisplayName":"PhoneBookApp.Tests.ContactsControllerTests.UpdateContact_ExistingContactId_UpdatesContact","ExecutorUri":"executor://xunit/VsTestRunner2/netcoreapp","Source":"C:\\Users\\a886676\\source\\repos\\PhoneBookApp\\PhoneBookAppUnitTest\\bin\\Debug\\net8.0\\fine-code-coverage\\build-output\\PhoneBookAppUnitTest.dll","CodeFilePath":null,"LineNumber":0,"Properties":[]},"Attachments":[],"Outcome":1,"ErrorMessage":null,"ErrorStackTrace":null,"DisplayName":"PhoneBookApp.Tests.ContactsControllerTests.UpdateContact_ExistingContactId_UpdatesContact","Messages":[],"ComputerName":"DESKTOP-FB8M12P","Duration":"00:00:00.0045962","StartTime":"2024-08-20T09:57:33.8010464+00:00","EndTime":"2024-08-20T09:57:33.8010465+00:00","Properties":[]},{"TestCase":{"Id":"de904755-e339-7e79-072d-3bee70230cd8","FullyQualifiedName":"PhoneBookApp.Tests.ContactsControllerTests.DeleteContact_ExistingContactId_RemovesContact","DisplayName":"PhoneBookApp.Tests.ContactsControllerTests.DeleteContact_ExistingContactId_RemovesContact","ExecutorUri":"executor://xunit/VsTestRunner2/netcoreapp","Source":"C:\\Users\\a886676\\source\\repos\\PhoneBookApp\\PhoneBookAppUnitTest\\bin\\Debug\\net8.0\\fine-code-coverage\\build-output\\PhoneBookAppUnitTest.dll","CodeFilePath":null,"LineNumber":0,"Properties":[]},"Attachments":[],"Outcome":1,"ErrorMessage":null,"ErrorStackTrace":null,"DisplayName":"PhoneBookApp.Tests.ContactsControllerTests.DeleteContact_ExistingContactId_RemovesContact","Messages":[],"ComputerName":"DESKTOP-FB8M12P","Duration":"00:00:00.0011833","StartTime":"2024-08-20T09:57:33.8027063+00:00","EndTime":"2024-08-20T09:57:33.8027064+00:00","Properties":[]},{"TestCase":{"Id":"1a6da39a-bac9-e3b1-2f63-64dc109b9037","FullyQualifiedName":"PhoneBookApp.Tests.ContactsControllerTests.GetContact_ContactExists_ReturnsContact","DisplayName":"PhoneBookApp.Tests.ContactsControllerTests.GetContact_ContactExists_ReturnsContact","ExecutorUri":"executor://xunit/VsTestRunner2/netcoreapp","Source":"C:\\Users\\a886676\\source\\repos\\PhoneBookApp\\PhoneBookAppUnitTest\\bin\\Debug\\net8.0\\fine-code-coverage\\build-output\\PhoneBookAppUnitTest.dll","CodeFilePath":null,"LineNumber":0,"Properties":[]},"Attachments":[],"Outcome":1,"ErrorMessage":null,"ErrorStackTrace":null,"DisplayName":"PhoneBookApp.Tests.ContactsControllerTests.GetContact_ContactExists_ReturnsContact","Messages":[],"ComputerName":"DESKTOP-FB8M12P","Duration":"00:00:00.0010528","StartTime":"2024-08-20T09:57:33.8043412+00:00","EndTime":"2024-08-20T09:57:33.8043413+00:00","Properties":[]}],"TestRunStatistics":{"ExecutedTests":5,"Stats":{"Passed":5}},"ActiveTests":[]},"RunAttachments":[],"ExecutorUris":["executor://xunit/VsTestRunner2/netcoreapp"]}}
TpTrace Verbose: 0 : 24324, 7, 2024/08/20, 11:57:33.837, 16464721627173, vstest.console.dll, TestRequestSender.EndSession: Sending end session.
TpTrace Verbose: 0 : 24324, 7, 2024/08/20, 11:57:33.837, 16464721628332, vstest.console.dll, ProxyOperationManager.Close: waiting for test host to exit for 100 ms
TpTrace Verbose: 0 : 24324, 11, 2024/08/20, 11:57:33.876, 16464722018517, vstest.console.dll, TestHostManagerCallbacks.ctor: Experimental forwarding output is disabled.
TpTrace Warning: 0 : 24324, 11, 2024/08/20, 11:57:33.876, 16464722019930, vstest.console.dll, TestHostManagerCallbacks.ErrorReceivedCallback Test host standard error line: 
TpTrace Verbose: 0 : 24324, 11, 2024/08/20, 11:57:33.885, 16464722103500, vstest.console.dll, TestHostProvider.ExitCallBack: Host exited starting callback.
TpTrace Information: 0 : 24324, 11, 2024/08/20, 11:57:33.885, 16464722104944, vstest.console.dll, TestHostManagerCallbacks.ExitCallBack: Testhost processId: 36952 exited with exitcode: 0 error: ''
TpTrace Verbose: 0 : 24324, 11, 2024/08/20, 11:57:33.885, 16464722105380, vstest.console.dll, DotnetTestHostManager.OnHostExited: invoking OnHostExited callback
TpTrace Verbose: 0 : 24324, 11, 2024/08/20, 11:57:33.885, 16464722105820, vstest.console.dll, CrossPlatEngine.TestHostManagerHostExited: calling on client process exit callback.
TpTrace Information: 0 : 24324, 11, 2024/08/20, 11:57:33.885, 16464722106267, vstest.console.dll, TestRequestSender.OnClientProcessExit: Test host process exited. Standard error: 
TpTrace Information: 0 : 24324, 11, 2024/08/20, 11:57:33.885, 16464722106617, vstest.console.dll, SocketServer.Stop: Stop server endPoint: 127.0.0.1:55895
TpTrace Information: 0 : 24324, 11, 2024/08/20, 11:57:33.885, 16464722106858, vstest.console.dll, SocketServer.Stop: Cancellation requested. Stopping message loop.
TpTrace Information: 0 : 24324, 7, 2024/08/20, 11:57:33.885, 16464722107061, vstest.console.dll, SocketServer.Stop: Stop server endPoint: 127.0.0.1:55895
TpTrace Information: 0 : 24324, 7, 2024/08/20, 11:57:33.885, 16464722107619, vstest.console.dll, SocketServer.Stop: Cancellation requested. Stopping message loop.
TpTrace Verbose: 0 : 24324, 11, 2024/08/20, 11:57:33.885, 16464722107602, vstest.console.dll, MulticastDelegateUtilities.SafeInvoke: HostProviderEvents.OnHostExited: Invoking callback 1/1 for Microsoft.VisualStudio.TestPlatform.CrossPlatEngine.Client.ProxyOperationManager., took 0 ms.
TpTrace Information: 0 : 24324, 7, 2024/08/20, 11:57:33.885, 16464722108035, vstest.console.dll, Closing the connection
TpTrace Verbose: 0 : 24324, 7, 2024/08/20, 11:57:33.885, 16464722109896, vstest.console.dll, ProxyDataCollectionManager.InvokeDataCollectionServiceAction: Starting.
TpTrace Information: 0 : 24324, 7, 2024/08/20, 11:57:33.886, 16464722110293, vstest.console.dll, ProxyDataCollectionManager.AfterTestRunEnd: Get attachment set and invoked data collectors processId: 25128 port: 55890
TpTrace Verbose: 0 : 24324, 7, 2024/08/20, 11:57:33.886, 16464722110699, vstest.console.dll, DataCollectionRequestSender.SendAfterTestRunStartAndGetResult: Send AfterTestRunEnd message with isCancelled: False
TpTrace Verbose: 0 : 24324, 7, 2024/08/20, 11:57:33.890, 16464722154837, vstest.console.dll, DataCollectionRequestSender.SendAfterTestRunStartAndGetResult: Received message: (DataCollection.AfterTestRunEndResult) -> {"MessageType":"DataCollection.AfterTestRunEndResult","Payload":{"AttachmentSets":[],"InvokedDataCollectors":[{"Uri":"datacollector://Microsoft/TestPlatform/Extensions/Blame/v1","FriendlyName":"Blame","AssemblyQualifiedName":"Microsoft.TestPlatform.Extensions.BlameDataCollector.BlameCollector, Microsoft.TestPlatform.Extensions.BlameDataCollector, Version=15.0.0.0, Culture=neutral, PublicKeyToken=b03f5f7f11d50a3a","FilePath":"C:\\Program Files\\dotnet\\sdk\\8.0.205\\Extensions\\Microsoft.TestPlatform.Extensions.BlameDataCollector.dll","HasAttachmentProcessor":false}],"Metrics":{}}}
TpTrace Warning: 0 : 24324, 10, 2024/08/20, 11:57:33.896, 16464722218455, vstest.console.dll, DataCollectionLauncher.ErrorReceivedCallback datacollector standard error line: 
TpTrace Information: 0 : 24324, 7, 2024/08/20, 11:57:33.897, 16464722222239, vstest.console.dll, ProxyDataCollectionManager.InvokeDataCollectionServiceAction: Completed.
TpTrace Information: 0 : 24324, 10, 2024/08/20, 11:57:33.902, 16464722277907, vstest.console.dll, DataCollectionLauncher.ExitCallBack: Data collector exited with exitcode: 0 error: ''
TpTrace Verbose: 0 : 24324, 7, 2024/08/20, 11:57:33.940, 16464722650566, vstest.console.dll, TestRunRequest:SendTestRunStatsChange: Starting.
TpTrace Verbose: 0 : 24324, 7, 2024/08/20, 11:57:33.940, 16464722652465, vstest.console.dll, MulticastDelegateUtilities.SafeInvoke: TestRun.RunStatsChanged: Invoking callbacks was skipped because there are no subscribers.
TpTrace Information: 0 : 24324, 7, 2024/08/20, 11:57:33.940, 16464722652847, vstest.console.dll, TestRunRequest:SendTestRunStatsChange: Completed.
TpTrace Verbose: 0 : 24324, 7, 2024/08/20, 11:57:33.940, 16464722655956, vstest.console.dll, ParallelProxyExecutionManager: HandlePartialRunComplete: Total workloads = 1, Total started clients = 1 Total completed clients = 1, Run complete = True, Run canceled: False.
TpTrace Verbose: 0 : 24324, 7, 2024/08/20, 11:57:33.940, 16464722656367, vstest.console.dll, ParallelProxyExecutionManager: HandlePartialRunComplete: All runs completed stopping all managers.
TpTrace Verbose: 0 : 24324, 7, 2024/08/20, 11:57:33.940, 16464722656729, vstest.console.dll, ParallelOperationManager.StopAllManagers: Stopping all managers.
TpTrace Verbose: 0 : 24324, 7, 2024/08/20, 11:57:33.940, 16464722657023, vstest.console.dll, ParallelOperationManager.ClearSlots: Clearing all slots. Slots should accept more work: False
TpTrace Verbose: 0 : 24324, 7, 2024/08/20, 11:57:33.940, 16464722657408, vstest.console.dll, ParallelOperationManager.SetOccupiedSlotCount: Setting slot counts AvailableSlotCount = 1, OccupiedSlotCount = 0.
TpTrace Verbose: 0 : 24324, 7, 2024/08/20, 11:57:33.940, 16464722657857, vstest.console.dll, Occupied slots:

TpTrace Verbose: 0 : 24324, 4, 2024/08/20, 11:57:33.941, 16464722663952, vstest.console.dll, MulticastDelegateUtilities.SafeInvoke: InternalTestLoggerEvents.SendTestResult: Invoking callback 1/1 for Microsoft.VisualStudio.TestPlatform.CommandLine.Internal.ConsoleLogger., took 1 ms.
TpTrace Verbose: 0 : 24324, 4, 2024/08/20, 11:57:33.941, 16464722666713, vstest.console.dll, MulticastDelegateUtilities.SafeInvoke: InternalTestLoggerEvents.SendTestResult: Invoking callback 1/1 for Microsoft.VisualStudio.TestPlatform.CommandLine.Internal.ConsoleLogger., took 0 ms.
TpTrace Verbose: 0 : 24324, 4, 2024/08/20, 11:57:33.941, 16464722667318, vstest.console.dll, MulticastDelegateUtilities.SafeInvoke: InternalTestLoggerEvents.SendTestResult: Invoking callback 1/1 for Microsoft.VisualStudio.TestPlatform.CommandLine.Internal.ConsoleLogger., took 0 ms.
TpTrace Verbose: 0 : 24324, 4, 2024/08/20, 11:57:33.941, 16464722667754, vstest.console.dll, MulticastDelegateUtilities.SafeInvoke: InternalTestLoggerEvents.SendTestResult: Invoking callback 1/1 for Microsoft.VisualStudio.TestPlatform.CommandLine.Internal.ConsoleLogger., took 0 ms.
TpTrace Verbose: 0 : 24324, 4, 2024/08/20, 11:57:33.941, 16464722668152, vstest.console.dll, MulticastDelegateUtilities.SafeInvoke: InternalTestLoggerEvents.SendTestResult: Invoking callback 1/1 for Microsoft.VisualStudio.TestPlatform.CommandLine.Internal.ConsoleLogger., took 0 ms.
TpTrace Verbose: 0 : 24324, 4, 2024/08/20, 11:57:33.946, 16464722718072, vstest.console.dll, MulticastDelegateUtilities.SafeInvoke: InternalTestLoggerEvents.SendTestRunComplete: Invoking callback 1/2 for Microsoft.TestPlatform.Extensions.BlameDataCollector.BlameLogger., took 0 ms.
TpTrace Verbose: 0 : 24324, 4, 2024/08/20, 11:57:33.950, 16464722755789, vstest.console.dll, MulticastDelegateUtilities.SafeInvoke: InternalTestLoggerEvents.SendTestRunComplete: Invoking callback 2/2 for Microsoft.VisualStudio.TestPlatform.CommandLine.Internal.ConsoleLogger., took 3 ms.
TpTrace Verbose: 0 : 24324, 7, 2024/08/20, 11:57:33.950, 16464722758705, vstest.console.dll, TestRunRequest:TestRunComplete: Starting. IsAborted:False IsCanceled:False.
TpTrace Verbose: 0 : 24324, 7, 2024/08/20, 11:57:33.951, 16464722760516, vstest.console.dll, ParallelOperationManager.DoActionOnAllManagers: Calling an action on all managers.
TpTrace Verbose: 0 : 24324, 7, 2024/08/20, 11:57:33.951, 16464722766980, vstest.console.dll, TestLoggerManager.HandleTestRunComplete: Ignoring as the object is disposed.
TpTrace Verbose: 0 : 24324, 7, 2024/08/20, 11:57:33.951, 16464722768271, vstest.console.dll, MulticastDelegateUtilities.SafeInvoke: TestRun.TestRunComplete: Invoking callback 1/2 for Microsoft.VisualStudio.TestPlatform.CommandLine.TestRunResultAggregator., took 0 ms.
TpTrace Verbose: 0 : 24324, 7, 2024/08/20, 11:57:33.951, 16464722769097, vstest.console.dll, MulticastDelegateUtilities.SafeInvoke: TestRun.TestRunComplete: Invoking callback 2/2 for Microsoft.VisualStudio.TestPlatform.CommandLine.Processors.RunTestsArgumentExecutor+TestRunRequestEventsRegistrar., took 0 ms.
TpTrace Information: 0 : 24324, 7, 2024/08/20, 11:57:33.951, 16464722769774, vstest.console.dll, TestRunRequest:TestRunComplete: Completed.
TpTrace Verbose: 0 : 24324, 7, 2024/08/20, 11:57:33.951, 16464722770124, vstest.console.dll, TestRequestSender.SetOperationComplete: Setting operation complete.
TpTrace Information: 0 : 24324, 7, 2024/08/20, 11:57:33.952, 16464722770396, vstest.console.dll, SocketServer.Stop: Stop server endPoint: 127.0.0.1:55895
TpTrace Verbose: 0 : 24324, 1, 2024/08/20, 11:57:33.952, 16464722770356, vstest.console.dll, TestRunRequest.Dispose: Starting.
TpTrace Information: 0 : 24324, 1, 2024/08/20, 11:57:33.952, 16464722771178, vstest.console.dll, TestRunRequest.Dispose: Completed.
TpTrace Information: 0 : 24324, 7, 2024/08/20, 11:57:33.952, 16464722770673, vstest.console.dll, SocketServer.Stop: Cancellation requested. Stopping message loop.
TpTrace Information: 0 : 24324, 1, 2024/08/20, 11:57:33.952, 16464722771560, vstest.console.dll, TestRequestManager.RunTests: run tests completed.
TpTrace Verbose: 0 : 24324, 7, 2024/08/20, 11:57:33.952, 16464722771989, vstest.console.dll, MulticastDelegateUtilities.SafeInvoke: LengthPrefixCommunicationChannel: MessageReceived: Invoking callback 1/1 for Microsoft.VisualStudio.TestPlatform.CommunicationUtilities.TestRequestSender+<>c__DisplayClass34_0., took 114 ms.
TpTrace Information: 0 : 24324, 1, 2024/08/20, 11:57:33.952, 16464722772517, vstest.console.dll, RunTestsArgumentProcessor:Execute: Test run is completed.
TpTrace Information: 0 : 24324, 7, 2024/08/20, 11:57:33.952, 16464722772562, vstest.console.dll, SocketServer.PrivateStop: Stopping server endPoint: 127.0.0.1:55895 error: 
TpTrace Verbose: 0 : 24324, 1, 2024/08/20, 11:57:33.952, 16464722774533, vstest.console.dll, Executor.Execute: Exiting with exit code of 0
TpTrace Verbose: 0 : 24324, 7, 2024/08/20, 11:57:33.952, 16464722777055, vstest.console.dll, LengthPrefixCommunicationChannel.Dispose: Dispose reader and writer.
TpTrace Information: 0 : 24324, 7, 2024/08/20, 11:57:33.952, 16464722777674, vstest.console.dll, SocketServer.Stop: Raise disconnected event endPoint: 127.0.0.1:55895 error: 
TpTrace Verbose: 0 : 24324, 7, 2024/08/20, 11:57:33.952, 16464722778443, vstest.console.dll, TestRequestSender: OnTestRunAbort: Operation is already complete. Skip error message.
TpTrace Verbose: 0 : 24324, 7, 2024/08/20, 11:57:33.952, 16464722778791, vstest.console.dll, MulticastDelegateUtilities.SafeInvoke: SocketServer: ClientDisconnected: Invoking callback 1/1 for Microsoft.VisualStudio.TestPlatform.CommunicationUtilities.TestRequestSender., took 0 ms.
TpTrace Verbose: 0 : 24324, 7, 2024/08/20, 11:57:33.952, 16464722779046, vstest.console.dll, TcpClientExtensions.MessageLoopAsync: exiting MessageLoopAsync remoteEndPoint: 127.0.0.1:55896 localEndPoint: 127.0.0.1:55895
